{"meta": {"format": 3, "version": "7.15.2", "timestamp": "2026-07-26T16:57:45.209011", "branch_coverage": true, "show_contexts": false}, "files": {"backend\\app\\__init__.py": {"executed_lines": [], "summary": {"covered_lines": 0, "num_statements": 0, "percent_covered": 100.0, "percent_covered_display": "100.0", "missing_lines": 0, "excluded_lines": 0, "percent_statements_covered": 100.0, "percent_statements_covered_display": "100.0", "num_branches": 0, "num_partial_branches": 0, "covered_branches": 0, "missing_branches": 0, "percent_branches_covered": 100.0, "percent_branches_covered_display": "100.0"}, "missing_lines": [], "excluded_lines": [], "executed_branches": [], "missing_branches": [], "functions": {"": {"executed_lines": [], "summary": {"covered_lines": 0, "num_statements": 0, "percent_covered": 100.0, "percent_covered_display": "100.0", "missing_lines": 0, "excluded_lines": 0, "percent_statements_covered": 100.0, "percent_statements_covered_display": "100.0", "num_branches": 0, "num_partial_branches": 0, "covered_branches": 0, "missing_branches": 0, "percent_branches_covered": 100.0, "percent_branches_covered_display": "100.0"}, "missing_lines": [], "excluded_lines": [], "start_line": 1, "executed_branches": [], "missing_branches": []}}, "classes": {"": {"executed_lines": [], "summary": {"covered_lines": 0, "num_statements": 0, "percent_covered": 100.0, "percent_covered_display": "100.0", "missing_lines": 0, "excluded_lines": 0, "percent_statements_covered": 100.0, "percent_statements_covered_display": "100.0", "num_branches": 0, "num_partial_branches": 0, "covered_branches": 0, "missing_branches": 0, "percent_branches_covered": 100.0, "percent_branches_covered_display": "100.0"}, "missing_lines": [], "excluded_lines": [], "start_line": 1, "executed_branches": [], "missing_branches": []}}}, "backend\\app\\agent\\__init__.py": {"executed_lines": [], "summary": {"covered_lines": 0, "num_statements": 0, "percent_covered": 100.0, "percent_covered_display": "100.0", "missing_lines": 0, "excluded_lines": 0, "percent_statements_covered": 100.0, "percent_statements_covered_display": "100.0", "num_branches": 0, "num_partial_branches": 0, "covered_branches": 0, "missing_branches": 0, "percent_branches_covered": 100.0, "percent_branches_covered_display": "100.0"}, "missing_lines": [], "excluded_lines": [], "executed_branches": [], "missing_branches": [], "functions": {"": {"executed_lines": [], "summary": {"covered_lines": 0, "num_statements": 0, "percent_covered": 100.0, "percent_covered_display": "100.0", "missing_lines": 0, "excluded_lines": 0, "percent_statements_covered": 100.0, "percent_statements_covered_display": "100.0", "num_branches": 0, "num_partial_branches": 0, "covered_branches": 0, "missing_branches": 0, "percent_branches_covered": 100.0, "percent_branches_covered_display": "100.0"}, "missing_lines": [], "excluded_lines": [], "start_line": 1, "executed_branches": [], "missing_branches": []}}, "classes": {"": {"executed_lines": [], "summary": {"covered_lines": 0, "num_statements": 0, "percent_covered": 100.0, "percent_covered_display": "100.0", "missing_lines": 0, "excluded_lines": 0, "percent_statements_covered": 100.0, "percent_statements_covered_display": "100.0", "num_branches": 0, "num_partial_branches": 0, "covered_branches": 0, "missing_branches": 0, "percent_branches_covered": 100.0, "percent_branches_covered_display": "100.0"}, "missing_lines": [], "excluded_lines": [], "start_line": 1, "executed_branches": [], "missing_branches": []}}}, "backend\\app\\agent\\evaluation_manifest.py": {"executed_lines": [1, 2, 3, 6, 7, 8, 9, 10, 11, 12, 19, 27, 35, 42, 52, 53, 54, 55, 58, 59, 62, 63, 65, 68, 69, 70, 77, 78, 84, 87, 88, 94, 97, 98, 99, 101, 106, 111, 112, 113, 114, 116, 117, 118, 120, 121, 122, 127, 129, 131, 132, 141, 143, 144, 145, 146, 147, 149, 150, 151, 152, 153, 154, 156, 157, 162, 163, 164, 169, 171, 176, 177, 179, 184, 190], "summary": {"covered_lines": 75, "num_statements": 93, "percent_covered": 74.10071942446044, "percent_covered_display": "74.1", "missing_lines": 18, "excluded_lines": 0, "percent_statements_covered": 80.64516129032258, "percent_statements_covered_display": "80.6", "num_branches": 46, "num_partial_branches": 18, "covered_branches": 28, "missing_branches": 18, "percent_branches_covered": 60.869565217391305, "percent_branches_covered_display": "60.9"}, "missing_lines": [64, 71, 93, 95, 100, 115, 119, 123, 128, 130, 137, 148, 155, 158, 165, 172, 180, 185], "excluded_lines": [], "executed_branches": [[63, 65], [70, -68], [88, 94], [94, 97], [99, 101], [101, 106], [101, 111], [113, 114], [113, 143], [114, 116], [118, 120], [122, 127], [127, 129], [129, 131], [132, 141], [146, 147], [146, 179], [147, 149], [151, 152], [151, 153], [154, 156], [157, 162], [163, 164], [163, 171], [164, 169], [171, 176], [179, 184], [184, 190]], "missing_branches": [[63, 64], [70, 71], [88, 93], [94, 95], [99, 100], [114, 115], [118, 119], [122, 123], [127, 128], [129, 130], [132, 137], [147, 148], [154, 155], [157, 158], [164, 165], [171, 172], [179, 180], [184, 185]], "functions": {"EvaluationManifestInvalid.__init__": {"executed_lines": [54, 55], "summary": {"covered_lines": 2, "num_statements": 2, "percent_covered": 100.0, "percent_covered_display": "100.0", "missing_lines": 0, "excluded_lines": 0, "percent_statements_covered": 100.0, "percent_statements_covered_display": "100.0", "num_branches": 0, "num_partial_branches": 0, "covered_branches": 0, "missing_branches": 0, "percent_branches_covered": 100.0, "percent_branches_covered_display": "100.0"}, "missing_lines": [], "excluded_lines": [], "start_line": 53, "executed_branches": [], "missing_branches": []}, "_fail": {"executed_lines": [59], "summary": {"covered_lines": 1, "num_statements": 1, "percent_covered": 100.0, "percent_covered_display": "100.0", "missing_lines": 0, "excluded_lines": 0, "percent_statements_covered": 100.0, "percent_statements_covered_display": "100.0", "num_branches": 0, "num_partial_branches": 0, "covered_branches": 0, "missing_branches": 0, "percent_branches_covered": 100.0, "percent_branches_covered_display": "100.0"}, "missing_lines": [], "excluded_lines": [], "start_line": 58, "executed_branches": [], "missing_branches": []}, "_bounded_id": {"executed_lines": [63, 65], "summary": {"covered_lines": 2, "num_statements": 3, "percent_covered": 60.0, "percent_covered_display": "60.0", "missing_lines": 1, "excluded_lines": 0, "percent_statements_covered": 66.66666666666667, "percent_statements_covered_display": "66.7", "num_branches": 2, "num_partial_branches": 1, "covered_branches": 1, "missing_branches": 1, "percent_branches_covered": 50.0, "percent_branches_covered_display": "50.0"}, "missing_lines": [64], "excluded_lines": [], "start_line": 62, "executed_branches": [[63, 65]], "missing_branches": [[63, 64]]}, "_validate_fields": {"executed_lines": [69, 70], "summary": {"covered_lines": 2, "num_statements": 3, "percent_covered": 60.0, "percent_covered_display": "60.0", "missing_lines": 1, "excluded_lines": 0, "percent_statements_covered": 66.66666666666667, "percent_statements_covered_display": "66.7", "num_branches": 2, "num_partial_branches": 1, "covered_branches": 1, "missing_branches": 1, "percent_branches_covered": 50.0, "percent_branches_covered_display": "50.0"}, "missing_lines": [71], "excluded_lines": [], "start_line": 68, "executed_branches": [[70, -68]], "missing_branches": [[70, 71]]}, "_semantic_sha256": {"executed_lines": [78, 84], "summary": {"covered_lines": 2, "num_statements": 2, "percent_covered": 100.0, "percent_covered_display": "100.0", "missing_lines": 0, "excluded_lines": 0, "percent_statements_covered": 100.0, "percent_statements_covered_display": "100.0", "num_branches": 0, "num_partial_branches": 0, "covered_branches": 0, "missing_branches": 0, "percent_branches_covered": 100.0, "percent_branches_covered_display": "100.0"}, "missing_lines": [], "excluded_lines": [], "start_line": 77, "executed_branches": [], "missing_branches": []}, "build_evaluation_manifest": {"executed_lines": [88, 94, 97, 98, 99, 101, 106, 111, 112, 113, 114, 116, 117, 118, 120, 121, 122, 127, 129, 131, 132, 141, 143, 144, 145, 146, 147, 149, 150, 151, 152, 153, 154, 156, 157, 162, 163, 164, 169, 171, 176, 177, 179, 184, 190], "summary": {"covered_lines": 45, "num_statements": 61, "percent_covered": 68.93203883495146, "percent_covered_display": "68.9", "missing_lines": 16, "excluded_lines": 0, "percent_statements_covered": 73.77049180327869, "percent_statements_covered_display": "73.8", "num_branches": 42, "num_partial_branches": 16, "covered_branches": 26, "missing_branches": 16, "percent_branches_covered": 61.904761904761905, "percent_branches_covered_display": "61.9"}, "missing_lines": [93, 95, 100, 115, 119, 123, 128, 130, 137, 148, 155, 158, 165, 172, 180, 185], "excluded_lines": [], "start_line": 87, "executed_branches": [[88, 94], [94, 97], [99, 101], [101, 106], [101, 111], [113, 114], [113, 143], [114, 116], [118, 120], [122, 127], [127, 129], [129, 131], [132, 141], [146, 147], [146, 179], [147, 149], [151, 152], [151, 153], [154, 156], [157, 162], [163, 164], [163, 171], [164, 169], [171, 176], [179, 184], [184, 190]], "missing_branches": [[88, 93], [94, 95], [99, 100], [114, 115], [118, 119], [122, 123], [127, 128], [129, 130], [132, 137], [147, 148], [154, 155], [157, 158], [164, 165], [171, 172], [179, 180], [184, 185]]}, "": {"executed_lines": [1, 2, 3, 6, 7, 8, 9, 10, 11, 12, 19, 27, 35, 42, 52, 53, 58, 62, 68, 77, 87], "summary": {"covered_lines": 21, "num_statements": 21, "percent_covered": 100.0, "percent_covered_display": "100.0", "missing_lines": 0, "excluded_lines": 0, "percent_statements_covered": 100.0, "percent_statements_covered_display": "100.0", "num_branches": 0, "num_partial_branches": 0, "covered_branches": 0, "missing_branches": 0, "percent_branches_covered": 100.0, "percent_branches_covered_display": "100.0"}, "missing_lines": [], "excluded_lines": [], "start_line": 1, "executed_branches": [], "missing_branches": []}}, "classes": {"EvaluationManifestInvalid": {"executed_lines": [54, 55], "summary": {"covered_lines": 2, "num_statements": 2, "percent_covered": 100.0, "percent_covered_display": "100.0", "missing_lines": 0, "excluded_lines": 0, "percent_statements_covered": 100.0, "percent_statements_covered_display": "100.0", "num_branches": 0, "num_partial_branches": 0, "covered_branches": 0, "missing_branches": 0, "percent_branches_covered": 100.0, "percent_branches_covered_display": "100.0"}, "missing_lines": [], "excluded_lines": [], "start_line": 52, "executed_branches": [], "missing_branches": []}, "": {"executed_lines": [1, 2, 3, 6, 7, 8, 9, 10, 11, 12, 19, 27, 35, 42, 52, 53, 58, 59, 62, 63, 65, 68, 69, 70, 77, 78, 84, 87, 88, 94, 97, 98, 99, 101, 106, 111, 112, 113, 114, 116, 117, 118, 120, 121, 122, 127, 129, 131, 132, 141, 143, 144, 145, 146, 147, 149, 150, 151, 152, 153, 154, 156, 157, 162, 163, 164, 169, 171, 176, 177, 179, 184, 190], "summary": {"covered_lines": 73, "num_statements": 91, "percent_covered": 73.72262773722628, "percent_covered_display": "73.7", "missing_lines": 18, "excluded_lines": 0, "percent_statements_covered": 80.21978021978022, "percent_statements_covered_display": "80.2", "num_branches": 46, "num_partial_branches": 18, "covered_branches": 28, "missing_branches": 18, "percent_branches_covered": 60.869565217391305, "percent_branches_covered_display": "60.9"}, "missing_lines": [64, 71, 93, 95, 100, 115, 119, 123, 128, 130, 137, 148, 155, 158, 165, 172, 180, 185], "excluded_lines": [], "start_line": 1, "executed_branches": [[63, 65], [70, -68], [88, 94], [94, 97], [99, 101], [101, 106], [101, 111], [113, 114], [113, 143], [114, 116], [118, 120], [122, 127], [127, 129], [129, 131], [132, 141], [146, 147], [146, 179], [147, 149], [151, 152], [151, 153], [154, 156], [157, 162], [163, 164], [163, 171], [164, 169], [171, 176], [179, 184], [184, 190]], "missing_branches": [[63, 64], [70, 71], [88, 93], [94, 95], [99, 100], [114, 115], [118, 119], [122, 123], [127, 128], [129, 130], [132, 137], [147, 148], [154, 155], [157, 158], [164, 165], [171, 172], [179, 180], [184, 185]]}}}, "backend\\app\\agent\\evaluation_protocol.py": {"executed_lines": [1, 2, 4, 11, 12, 13, 14, 15, 16, 17, 18, 19, 20, 21, 27, 35, 36, 42, 43, 44, 60, 68, 69, 70, 71, 74, 75, 77, 80, 81, 121, 127, 128, 138, 141, 142, 147, 150, 157, 164, 169, 174, 179, 180, 186, 193, 195, 197, 198, 201, 202, 203, 204, 209, 210, 212, 213, 218, 219, 225, 226, 231, 232, 237, 238, 251, 252, 253, 254, 258, 259, 261, 262, 267, 271, 276, 281, 287, 288, 292, 293, 294, 298, 299, 300, 305, 306, 307, 308, 309, 310, 317], "summary": {"covered_lines": 92, "num_statements": 113, "percent_covered": 75.43859649122807, "percent_covered_display": "75.4", "missing_lines": 21, "excluded_lines": 0, "percent_statements_covered": 81.41592920353982, "percent_statements_covered_display": "81.4", "num_branches": 58, "num_partial_branches": 21, "covered_branches": 37, "missing_branches": 21, "percent_branches_covered": 63.793103448275865, "percent_branches_covered_display": "63.8"}, "missing_lines": [76, 134, 143, 160, 165, 170, 175, 181, 189, 194, 196, 199, 205, 211, 214, 224, 227, 233, 260, 272, 277], "excluded_lines": [], "executed_branches": [[75, 77], [128, 138], [142, 147], [157, 164], [164, 169], [169, 174], [174, 179], [180, 186], [186, 193], [193, 195], [195, 197], [198, 201], [203, 204], [203, 251], [204, 209], [210, 212], [213, 218], [219, 225], [226, 231], [232, 237], [252, 253], [252, 287], [253, 254], [253, 258], [259, 261], [262, 267], [262, 271], [271, 276], [276, 281], [287, 288], [287, 292], [293, 294], [293, 298], [299, 300], [299, 305], [307, 308], [307, 310]], "missing_branches": [[75, 76], [128, 134], [142, 143], [157, 160], [164, 165], [169, 170], [174, 175], [180, 181], [186, 189], [193, 194], [195, 196], [198, 199], [204, 205], [210, 211], [213, 214], [219, 224], [226, 227], [232, 233], [259, 260], [271, 272], [276, 277]], "functions": {"BlindEvaluationInvalid.__init__": {"executed_lines": [70, 71], "summary": {"covered_lines": 2, "num_statements": 2, "percent_covered": 100.0, "percent_covered_display": "100.0", "missing_lines": 0, "excluded_lines": 0, "percent_statements_covered": 100.0, "percent_statements_covered_display": "100.0", "num_branches": 0, "num_partial_branches": 0, "covered_branches": 0, "missing_branches": 0, "percent_branches_covered": 100.0, "percent_branches_covered_display": "100.0"}, "missing_lines": [], "excluded_lines": [], "start_line": 69, "executed_branches": [], "missing_branches": []}, "_fail": {"executed_lines": [75, 77], "summary": {"covered_lines": 2, "num_statements": 3, "percent_covered": 60.0, "percent_covered_display": "60.0", "missing_lines": 1, "excluded_lines": 0, "percent_statements_covered": 66.66666666666667, "percent_statements_covered_display": "66.7", "num_branches": 2, "num_partial_branches": 1, "covered_branches": 1, "missing_branches": 1, "percent_branches_covered": 50.0, "percent_branches_covered_display": "50.0"}, "missing_lines": [76], "excluded_lines": [], "start_line": 74, "executed_branches": [[75, 77]], "missing_branches": [[75, 76]]}, "build_blind_protocol_manifest": {"executed_lines": [81], "summary": {"covered_lines": 1, "num_statements": 1, "percent_covered": 100.0, "percent_covered_display": "100.0", "missing_lines": 0, "excluded_lines": 0, "percent_statements_covered": 100.0, "percent_statements_covered_display": "100.0", "num_branches": 0, "num_partial_branches": 0, "covered_branches": 0, "missing_branches": 0, "percent_branches_covered": 100.0, "percent_branches_covered_display": "100.0"}, "missing_lines": [], "excluded_lines": [], "start_line": 80, "executed_branches": [], "missing_branches": []}, "_number": {"executed_lines": [127, 128, 138], "summary": {"covered_lines": 3, "num_statements": 4, "percent_covered": 66.66666666666667, "percent_covered_display": "66.7", "missing_lines": 1, "excluded_lines": 0, "percent_statements_covered": 75.0, "percent_statements_covered_display": "75.0", "num_branches": 2, "num_partial_branches": 1, "covered_branches": 1, "missing_branches": 1, "percent_branches_covered": 50.0, "percent_branches_covered_display": "50.0"}, "missing_lines": [134], "excluded_lines": [], "start_line": 121, "executed_branches": [[128, 138]], "missing_branches": [[128, 134]]}, "_sample_id": {"executed_lines": [142, 147], "summary": {"covered_lines": 2, "num_statements": 3, "percent_covered": 60.0, "percent_covered_display": "60.0", "missing_lines": 1, "excluded_lines": 0, "percent_statements_covered": 66.66666666666667, "percent_statements_covered_display": "66.7", "num_branches": 2, "num_partial_branches": 1, "covered_branches": 1, "missing_branches": 1, "percent_branches_covered": 50.0, "percent_branches_covered_display": "50.0"}, "missing_lines": [143], "excluded_lines": [], "start_line": 141, "executed_branches": [[142, 147]], "missing_branches": [[142, 143]]}, "compile_blind_comparison": {"executed_lines": [157, 164, 169, 174, 179, 180, 186, 193, 195, 197, 198, 201, 202, 203, 204, 209, 210, 212, 213, 218, 219, 225, 226, 231, 232, 237, 238, 251, 252, 253, 254, 258, 259, 261, 262, 267, 271, 276, 281, 287, 288, 292, 293, 294, 298, 299, 300, 305, 306, 307, 308, 309, 310, 317], "summary": {"covered_lines": 54, "num_statements": 72, "percent_covered": 70.96774193548387, "percent_covered_display": "71.0", "missing_lines": 18, "excluded_lines": 0, "percent_statements_covered": 75.0, "percent_statements_covered_display": "75.0", "num_branches": 52, "num_partial_branches": 18, "covered_branches": 34, "missing_branches": 18, "percent_branches_covered": 65.38461538461539, "percent_branches_covered_display": "65.4"}, "missing_lines": [160, 165, 170, 175, 181, 189, 194, 196, 199, 205, 211, 214, 224, 227, 233, 260, 272, 277], "excluded_lines": [], "start_line": 150, "executed_branches": [[157, 164], [164, 169], [169, 174], [174, 179], [180, 186], [186, 193], [193, 195], [195, 197], [198, 201], [203, 204], [203, 251], [204, 209], [210, 212], [213, 218], [219, 225], [226, 231], [232, 237], [252, 253], [252, 287], [253, 254], [253, 258], [259, 261], [262, 267], [262, 271], [271, 276], [276, 281], [287, 288], [287, 292], [293, 294], [293, 298], [299, 300], [299, 305], [307, 308], [307, 310]], "missing_branches": [[157, 160], [164, 165], [169, 170], [174, 175], [180, 181], [186, 189], [193, 194], [195, 196], [198, 199], [204, 205], [210, 211], [213, 214], [219, 224], [226, 227], [232, 233], [259, 260], [271, 272], [276, 277]]}, "": {"executed_lines": [1, 2, 4, 11, 12, 13, 14, 15, 16, 17, 18, 19, 20, 21, 27, 35, 36, 42, 43, 44, 60, 68, 69, 74, 80, 121, 141, 150], "summary": {"covered_lines": 28, "num_statements": 28, "percent_covered": 100.0, "percent_covered_display": "100.0", "missing_lines": 0, "excluded_lines": 0, "percent_statements_covered": 100.0, "percent_statements_covered_display": "100.0", "num_branches": 0, "num_partial_branches": 0, "covered_branches": 0, "missing_branches": 0, "percent_branches_covered": 100.0, "percent_branches_covered_display": "100.0"}, "missing_lines": [], "excluded_lines": [], "start_line": 1, "executed_branches": [], "missing_branches": []}}, "classes": {"BlindEvaluationInvalid": {"executed_lines": [70, 71], "summary": {"covered_lines": 2, "num_statements": 2, "percent_covered": 100.0, "percent_covered_display": "100.0", "missing_lines": 0, "excluded_lines": 0, "percent_statements_covered": 100.0, "percent_statements_covered_display": "100.0", "num_branches": 0, "num_partial_branches": 0, "covered_branches": 0, "missing_branches": 0, "percent_branches_covered": 100.0, "percent_branches_covered_display": "100.0"}, "missing_lines": [], "excluded_lines": [], "start_line": 68, "executed_branches": [], "missing_branches": []}, "": {"executed_lines": [1, 2, 4, 11, 12, 13, 14, 15, 16, 17, 18, 19, 20, 21, 27, 35, 36, 42, 43, 44, 60, 68, 69, 74, 75, 77, 80, 81, 121, 127, 128, 138, 141, 142, 147, 150, 157, 164, 169, 174, 179, 180, 186, 193, 195, 197, 198, 201, 202, 203, 204, 209, 210, 212, 213, 218, 219, 225, 226, 231, 232, 237, 238, 251, 252, 253, 254, 258, 259, 261, 262, 267, 271, 276, 281, 287, 288, 292, 293, 294, 298, 299, 300, 305, 306, 307, 308, 309, 310, 317], "summary": {"covered_lines": 90, "num_statements": 111, "percent_covered": 75.14792899408285, "percent_covered_display": "75.1", "missing_lines": 21, "excluded_lines": 0, "percent_statements_covered": 81.08108108108108, "percent_statements_covered_display": "81.1", "num_branches": 58, "num_partial_branches": 21, "covered_branches": 37, "missing_branches": 21, "percent_branches_covered": 63.793103448275865, "percent_branches_covered_display": "63.8"}, "missing_lines": [76, 134, 143, 160, 165, 170, 175, 181, 189, 194, 196, 199, 205, 211, 214, 224, 227, 233, 260, 272, 277], "excluded_lines": [], "start_line": 1, "executed_branches": [[75, 77], [128, 138], [142, 147], [157, 164], [164, 169], [169, 174], [174, 179], [180, 186], [186, 193], [193, 195], [195, 197], [198, 201], [203, 204], [203, 251], [204, 209], [210, 212], [213, 218], [219, 225], [226, 231], [232, 237], [252, 253], [252, 287], [253, 254], [253, 258], [259, 261], [262, 267], [262, 271], [271, 276], [276, 281], [287, 288], [287, 292], [293, 294], [293, 298], [299, 300], [299, 305], [307, 308], [307, 310]], "missing_branches": [[75, 76], [128, 134], [142, 143], [157, 160], [164, 165], [169, 170], [174, 175], [180, 181], [186, 189], [193, 194], [195, 196], [198, 199], [204, 205], [210, 211], [213, 214], [219, 224], [226, 227], [232, 233], [259, 260], [271, 272], [276, 277]]}}}, "backend\\app\\agent\\evaluator.py": {"executed_lines": [1, 2, 3, 5, 7, 15, 19, 24, 27, 31, 35, 40, 52, 62, 65, 66, 73, 74, 75, 76, 77, 78, 79, 80, 81, 84, 90, 91, 93, 95, 97, 98, 99, 103, 104, 105, 106, 107, 108, 109, 110, 111, 112, 115, 116, 117, 119, 120, 121, 124, 125, 127, 128, 136, 138, 143, 148, 149, 150, 151, 152, 153, 155], "summary": {"covered_lines": 63, "num_statements": 69, "percent_covered": 88.3495145631068, "percent_covered_display": "88.3", "missing_lines": 6, "excluded_lines": 0, "percent_statements_covered": 91.30434782608695, "percent_statements_covered_display": "91.3", "num_branches": 34, "num_partial_branches": 6, "covered_branches": 28, "missing_branches": 6, "percent_branches_covered": 82.3529411764706, "percent_branches_covered_display": "82.4"}, "missing_lines": [92, 94, 96, 118, 126, 154], "excluded_lines": [], "executed_branches": [[74, 75], [74, 81], [75, 74], [75, 76], [91, 93], [93, 95], [95, 97], [97, 98], [97, 99], [99, 103], [99, 104], [104, 105], [104, 106], [106, 107], [106, 108], [108, 109], [108, 110], [110, 111], [110, 112], [117, 119], [119, 120], [119, 121], [125, 127], [149, 150], [149, 151], [151, 152], [151, 155], [153, 151]], "missing_branches": [[91, 92], [93, 94], [95, 96], [117, 118], [125, 126], [153, 154]], "functions": {"extract_grounded_dotted_terms": {"executed_lines": [66], "summary": {"covered_lines": 1, "num_statements": 1, "percent_covered": 100.0, "percent_covered_display": "100.0", "missing_lines": 0, "excluded_lines": 0, "percent_statements_covered": 100.0, "percent_statements_covered_display": "100.0", "num_branches": 0, "num_partial_branches": 0, "covered_branches": 0, "missing_branches": 0, "percent_branches_covered": 100.0, "percent_branches_covered_display": "100.0"}, "missing_lines": [], "excluded_lines": [], "start_line": 65, "executed_branches": [], "missing_branches": []}, "contains_ip_address": {"executed_lines": [74, 75, 76, 77, 78, 79, 80, 81], "summary": {"covered_lines": 8, "num_statements": 8, "percent_covered": 100.0, "percent_covered_display": "100.0", "missing_lines": 0, "excluded_lines": 0, "percent_statements_covered": 100.0, "percent_statements_covered_display": "100.0", "num_branches": 4, "num_partial_branches": 0, "covered_branches": 4, "missing_branches": 0, "percent_branches_covered": 100.0, "percent_branches_covered_display": "100.0"}, "missing_lines": [], "excluded_lines": [], "start_line": 73, "executed_branches": [[74, 75], [74, 81], [75, 74], [75, 76]], "missing_branches": []}, "validate_provider_answer": {"executed_lines": [90, 91, 93, 95, 97, 98, 99, 103, 104, 105, 106, 107, 108, 109, 110, 111, 112], "summary": {"covered_lines": 17, "num_statements": 20, "percent_covered": 84.21052631578948, "percent_covered_display": "84.2", "missing_lines": 3, "excluded_lines": 0, "percent_statements_covered": 85.0, "percent_statements_covered_display": "85.0", "num_branches": 18, "num_partial_branches": 3, "covered_branches": 15, "missing_branches": 3, "percent_branches_covered": 83.33333333333333, "percent_branches_covered_display": "83.3"}, "missing_lines": [92, 94, 96], "excluded_lines": [], "start_line": 84, "executed_branches": [[91, 93], [93, 95], [95, 97], [97, 98], [97, 99], [99, 103], [99, 104], [104, 105], [104, 106], [106, 107], [106, 108], [108, 109], [108, 110], [110, 111], [110, 112]], "missing_branches": [[91, 92], [93, 94], [95, 96]]}, "validate_provider_user_message": {"executed_lines": [116, 117, 119, 120, 121], "summary": {"covered_lines": 5, "num_statements": 6, "percent_covered": 80.0, "percent_covered_display": "80.0", "missing_lines": 1, "excluded_lines": 0, "percent_statements_covered": 83.33333333333333, "percent_statements_covered_display": "83.3", "num_branches": 4, "num_partial_branches": 1, "covered_branches": 3, "missing_branches": 1, "percent_branches_covered": 75.0, "percent_branches_covered_display": "75.0"}, "missing_lines": [118], "excluded_lines": [], "start_line": 115, "executed_branches": [[117, 119], [119, 120], [119, 121]], "missing_branches": [[117, 118]]}, "is_allowed_internal_href": {"executed_lines": [125, 127, 128], "summary": {"covered_lines": 3, "num_statements": 4, "percent_covered": 66.66666666666667, "percent_covered_display": "66.7", "missing_lines": 1, "excluded_lines": 0, "percent_statements_covered": 75.0, "percent_statements_covered_display": "75.0", "num_branches": 2, "num_partial_branches": 1, "covered_branches": 1, "missing_branches": 1, "percent_branches_covered": 50.0, "percent_branches_covered_display": "50.0"}, "missing_lines": [126], "excluded_lines": [], "start_line": 124, "executed_branches": [[125, 127]], "missing_branches": [[125, 126]]}, "validate_response": {"executed_lines": [138, 143, 148, 149, 150, 151, 152, 153, 155], "summary": {"covered_lines": 9, "num_statements": 10, "percent_covered": 87.5, "percent_covered_display": "87.5", "missing_lines": 1, "excluded_lines": 0, "percent_statements_covered": 90.0, "percent_statements_covered_display": "90.0", "num_branches": 6, "num_partial_branches": 1, "covered_branches": 5, "missing_branches": 1, "percent_branches_covered": 83.33333333333333, "percent_branches_covered_display": "83.3"}, "missing_lines": [154], "excluded_lines": [], "start_line": 136, "executed_branches": [[149, 150], [149, 151], [151, 152], [151, 155], [153, 151]], "missing_branches": [[153, 154]]}, "": {"executed_lines": [1, 2, 3, 5, 7, 15, 19, 24, 27, 31, 35, 40, 52, 62, 65, 73, 84, 115, 124, 136], "summary": {"covered_lines": 20, "num_statements": 20, "percent_covered": 100.0, "percent_covered_display": "100.0", "missing_lines": 0, "excluded_lines": 0, "percent_statements_covered": 100.0, "percent_statements_covered_display": "100.0", "num_branches": 0, "num_partial_branches": 0, "covered_branches": 0, "missing_branches": 0, "percent_branches_covered": 100.0, "percent_branches_covered_display": "100.0"}, "missing_lines": [], "excluded_lines": [], "start_line": 1, "executed_branches": [], "missing_branches": []}}, "classes": {"": {"executed_lines": [1, 2, 3, 5, 7, 15, 19, 24, 27, 31, 35, 40, 52, 62, 65, 66, 73, 74, 75, 76, 77, 78, 79, 80, 81, 84, 90, 91, 93, 95, 97, 98, 99, 103, 104, 105, 106, 107, 108, 109, 110, 111, 112, 115, 116, 117, 119, 120, 121, 124, 125, 127, 128, 136, 138, 143, 148, 149, 150, 151, 152, 153, 155], "summary": {"covered_lines": 63, "num_statements": 69, "percent_covered": 88.3495145631068, "percent_covered_display": "88.3", "missing_lines": 6, "excluded_lines": 0, "percent_statements_covered": 91.30434782608695, "percent_statements_covered_display": "91.3", "num_branches": 34, "num_partial_branches": 6, "covered_branches": 28, "missing_branches": 6, "percent_branches_covered": 82.3529411764706, "percent_branches_covered_display": "82.4"}, "missing_lines": [92, 94, 96, 118, 126, 154], "excluded_lines": [], "start_line": 1, "executed_branches": [[74, 75], [74, 81], [75, 74], [75, 76], [91, 93], [93, 95], [95, 97], [97, 98], [97, 99], [99, 103], [99, 104], [104, 105], [104, 106], [106, 107], [106, 108], [108, 109], [108, 110], [110, 111], [110, 112], [117, 119], [119, 120], [119, 121], [125, 127], [149, 150], [149, 151], [151, 152], [151, 155], [153, 151]], "missing_branches": [[91, 92], [93, 94], [95, 96], [117, 118], [125, 126], [153, 154]]}}}, "backend\\app\\agent\\factory.py": {"executed_lines": [1, 2, 3, 5, 10, 11, 12, 13, 16, 19, 20, 34, 54, 55, 56, 57, 58, 59, 61, 62, 64, 65, 73, 87], "summary": {"covered_lines": 24, "num_statements": 25, "percent_covered": 93.10344827586206, "percent_covered_display": "93.1", "missing_lines": 1, "excluded_lines": 0, "percent_statements_covered": 96.0, "percent_statements_covered_display": "96.0", "num_branches": 4, "num_partial_branches": 1, "covered_branches": 3, "missing_branches": 1, "percent_branches_covered": 75.0, "percent_branches_covered_display": "75.0"}, "missing_lines": [63], "excluded_lines": [], "executed_branches": [[62, 64], [64, 65], [64, 73]], "missing_branches": [[62, 63]], "functions": {"_get_runtime_governance": {"executed_lines": [34], "summary": {"covered_lines": 1, "num_statements": 1, "percent_covered": 100.0, "percent_covered_display": "100.0", "missing_lines": 0, "excluded_lines": 0, "percent_statements_covered": 100.0, "percent_statements_covered_display": "100.0", "num_branches": 0, "num_partial_branches": 0, "covered_branches": 0, "missing_branches": 0, "percent_branches_covered": 100.0, "percent_branches_covered_display": "100.0"}, "missing_lines": [], "excluded_lines": [], "start_line": 20, "executed_branches": [], "missing_branches": []}, "get_agent_orchestrator": {"executed_lines": [55, 56, 57, 58, 59, 61, 62, 64, 65, 73, 87], "summary": {"covered_lines": 11, "num_statements": 12, "percent_covered": 87.5, "percent_covered_display": "87.5", "missing_lines": 1, "excluded_lines": 0, "percent_statements_covered": 91.66666666666667, "percent_statements_covered_display": "91.7", "num_branches": 4, "num_partial_branches": 1, "covered_branches": 3, "missing_branches": 1, "percent_branches_covered": 75.0, "percent_branches_covered_display": "75.0"}, "missing_lines": [63], "excluded_lines": [], "start_line": 54, "executed_branches": [[62, 64], [64, 65], [64, 73]], "missing_branches": [[62, 63]]}, "": {"executed_lines": [1, 2, 3, 5, 10, 11, 12, 13, 16, 19, 20, 54], "summary": {"covered_lines": 12, "num_statements": 12, "percent_covered": 100.0, "percent_covered_display": "100.0", "missing_lines": 0, "excluded_lines": 0, "percent_statements_covered": 100.0, "percent_statements_covered_display": "100.0", "num_branches": 0, "num_partial_branches": 0, "covered_branches": 0, "missing_branches": 0, "percent_branches_covered": 100.0, "percent_branches_covered_display": "100.0"}, "missing_lines": [], "excluded_lines": [], "start_line": 1, "executed_branches": [], "missing_branches": []}}, "classes": {"": {"executed_lines": [1, 2, 3, 5, 10, 11, 12, 13, 16, 19, 20, 34, 54, 55, 56, 57, 58, 59, 61, 62, 64, 65, 73, 87], "summary": {"covered_lines": 24, "num_statements": 25, "percent_covered": 93.10344827586206, "percent_covered_display": "93.1", "missing_lines": 1, "excluded_lines": 0, "percent_statements_covered": 96.0, "percent_statements_covered_display": "96.0", "num_branches": 4, "num_partial_branches": 1, "covered_branches": 3, "missing_branches": 1, "percent_branches_covered": 75.0, "percent_branches_covered_display": "75.0"}, "missing_lines": [63], "excluded_lines": [], "start_line": 1, "executed_branches": [[62, 64], [64, 65], [64, 73]], "missing_branches": [[62, 63]]}}}, "backend\\app\\agent\\governance.py": {"executed_lines": [1, 2, 3, 4, 5, 6, 7, 8, 10, 13, 16, 17, 18, 19, 22, 25, 34, 35, 36, 37, 38, 39, 40, 41, 42, 44, 45, 46, 47, 48, 49, 50, 51, 52, 53, 57, 58, 59, 60, 63, 64, 65, 69, 70, 75, 77, 78, 80, 81, 82, 83, 84, 89, 90, 91, 92, 93, 94, 95, 96, 98, 99, 101, 102, 103, 104, 105, 108, 111, 124, 125, 126, 127, 128, 129, 130, 131, 132, 133, 134, 135, 136, 137, 138, 140, 141, 142, 144, 146, 147, 166, 167, 171, 173, 174, 175, 176, 178, 179, 180, 181, 182, 183, 184, 185, 186, 187, 188, 189, 190, 191, 192, 197, 198, 199, 200, 201, 203, 204, 206, 207, 208, 213, 218, 220, 226, 227, 228, 237, 238, 239, 240, 241, 242, 246, 250, 251, 257, 258, 259, 260], "summary": {"covered_lines": 141, "num_statements": 155, "percent_covered": 85.27918781725889, "percent_covered_display": "85.3", "missing_lines": 14, "excluded_lines": 0, "percent_statements_covered": 90.96774193548387, "percent_statements_covered_display": "91.0", "num_branches": 42, "num_partial_branches": 13, "covered_branches": 27, "missing_branches": 15, "percent_branches_covered": 64.28571428571429, "percent_branches_covered_display": "64.3"}, "missing_lines": [61, 62, 66, 67, 71, 72, 73, 74, 79, 86, 100, 143, 205, 219], "excluded_lines": [], "executed_branches": [[50, 51], [53, 57], [53, 63], [60, 69], [63, 64], [64, 65], [69, 70], [78, 80], [80, -44], [80, 81], [83, 84], [99, 101], [142, 144], [175, 176], [175, 178], [182, 183], [182, 186], [186, 187], [186, 189], [192, 197], [192, 198], [204, 206], [206, 207], [206, 208], [218, 220], [240, 241], [250, 251]], "missing_branches": [[50, 75], [60, 61], [63, 69], [64, 66], [69, 71], [72, 73], [72, 74], [78, 79], [83, 86], [99, 100], [142, 143], [204, 205], [218, 219], [240, 250], [250, -237]], "functions": {"AgentGovernanceRejected.__init__": {"executed_lines": [18, 19], "summary": {"covered_lines": 2, "num_statements": 2, "percent_covered": 100.0, "percent_covered_display": "100.0", "missing_lines": 0, "excluded_lines": 0, "percent_statements_covered": 100.0, "percent_statements_covered_display": "100.0", "num_branches": 0, "num_partial_branches": 0, "covered_branches": 0, "missing_branches": 0, "percent_branches_covered": 100.0, "percent_branches_covered_display": "100.0"}, "missing_lines": [], "excluded_lines": [], "start_line": 17, "executed_branches": [], "missing_branches": []}, "AgentAdmissionGate.__init__": {"executed_lines": [34, 35, 36, 37, 38, 39, 40, 41, 42], "summary": {"covered_lines": 9, "num_statements": 9, "percent_covered": 100.0, "percent_covered_display": "100.0", "missing_lines": 0, "excluded_lines": 0, "percent_statements_covered": 100.0, "percent_statements_covered_display": "100.0", "num_branches": 0, "num_partial_branches": 0, "covered_branches": 0, "missing_branches": 0, "percent_branches_covered": 100.0, "percent_branches_covered_display": "100.0"}, "missing_lines": [], "excluded_lines": [], "start_line": 25, "executed_branches": [], "missing_branches": []}, "AgentAdmissionGate.slot": {"executed_lines": [46, 47, 48, 49, 50, 51, 52, 53, 57, 58, 59, 60, 63, 64, 65, 69, 70, 75, 77, 78, 80, 81, 82, 83, 84], "summary": {"covered_lines": 25, "num_statements": 35, "percent_covered": 65.45454545454545, "percent_covered_display": "65.5", "missing_lines": 10, "excluded_lines": 0, "percent_statements_covered": 71.42857142857143, "percent_statements_covered_display": "71.4", "num_branches": 20, "num_partial_branches": 7, "covered_branches": 11, "missing_branches": 9, "percent_branches_covered": 55.0, "percent_branches_covered_display": "55.0"}, "missing_lines": [61, 62, 66, 67, 71, 72, 73, 74, 79, 86], "excluded_lines": [], "start_line": 45, "executed_branches": [[50, 51], [53, 57], [53, 63], [60, 69], [63, 64], [64, 65], [69, 70], [78, 80], [80, -44], [80, 81], [83, 84]], "missing_branches": [[50, 75], [60, 61], [63, 69], [64, 66], [69, 71], [72, 73], [72, 74], [78, 79], [83, 86]]}, "AgentBudgetReservation.settle": {"executed_lines": [99, 101, 102, 103, 104, 105], "summary": {"covered_lines": 6, "num_statements": 7, "percent_covered": 77.77777777777777, "percent_covered_display": "77.8", "missing_lines": 1, "excluded_lines": 0, "percent_statements_covered": 85.71428571428571, "percent_statements_covered_display": "85.7", "num_branches": 2, "num_partial_branches": 1, "covered_branches": 1, "missing_branches": 1, "percent_branches_covered": 50.0, "percent_branches_covered_display": "50.0"}, "missing_lines": [100], "excluded_lines": [], "start_line": 98, "executed_branches": [[99, 101]], "missing_branches": [[99, 100]]}, "AgentCostGuard.__init__": {"executed_lines": [124, 125, 126, 127, 128, 129, 130, 131, 132, 133, 134, 135, 136, 137, 138], "summary": {"covered_lines": 15, "num_statements": 15, "percent_covered": 100.0, "percent_covered_display": "100.0", "missing_lines": 0, "excluded_lines": 0, "percent_statements_covered": 100.0, "percent_statements_covered_display": "100.0", "num_branches": 0, "num_partial_branches": 0, "covered_branches": 0, "missing_branches": 0, "percent_branches_covered": 100.0, "percent_branches_covered_display": "100.0"}, "missing_lines": [], "excluded_lines": [], "start_line": 111, "executed_branches": [], "missing_branches": []}, "AgentCostGuard.estimate_tokens": {"executed_lines": [142, 144], "summary": {"covered_lines": 2, "num_statements": 3, "percent_covered": 60.0, "percent_covered_display": "60.0", "missing_lines": 1, "excluded_lines": 0, "percent_statements_covered": 66.66666666666667, "percent_statements_covered_display": "66.7", "num_branches": 2, "num_partial_branches": 1, "covered_branches": 1, "missing_branches": 1, "percent_branches_covered": 50.0, "percent_branches_covered_display": "50.0"}, "missing_lines": [143], "excluded_lines": [], "start_line": 141, "executed_branches": [[142, 144]], "missing_branches": [[142, 143]]}, "AgentCostGuard.estimate_request": {"executed_lines": [147, 166, 167, 171], "summary": {"covered_lines": 4, "num_statements": 4, "percent_covered": 100.0, "percent_covered_display": "100.0", "missing_lines": 0, "excluded_lines": 0, "percent_statements_covered": 100.0, "percent_statements_covered_display": "100.0", "num_branches": 0, "num_partial_branches": 0, "covered_branches": 0, "missing_branches": 0, "percent_branches_covered": 100.0, "percent_branches_covered_display": "100.0"}, "missing_lines": [], "excluded_lines": [], "start_line": 146, "executed_branches": [], "missing_branches": []}, "AgentCostGuard.reserve": {"executed_lines": [174, 175, 176, 178, 179, 180, 181, 182, 183, 184, 185, 186, 187, 188, 189, 190, 191, 192, 197, 198, 199, 200, 201], "summary": {"covered_lines": 23, "num_statements": 23, "percent_covered": 100.0, "percent_covered_display": "100.0", "missing_lines": 0, "excluded_lines": 0, "percent_statements_covered": 100.0, "percent_statements_covered_display": "100.0", "num_branches": 8, "num_partial_branches": 0, "covered_branches": 8, "missing_branches": 0, "percent_branches_covered": 100.0, "percent_branches_covered_display": "100.0"}, "missing_lines": [], "excluded_lines": [], "start_line": 173, "executed_branches": [[175, 176], [175, 178], [182, 183], [182, 186], [186, 187], [186, 189], [192, 197], [192, 198]], "missing_branches": []}, "AgentCostGuard.result_cost": {"executed_lines": [204, 206, 207, 208], "summary": {"covered_lines": 4, "num_statements": 5, "percent_covered": 77.77777777777777, "percent_covered_display": "77.8", "missing_lines": 1, "excluded_lines": 0, "percent_statements_covered": 80.0, "percent_statements_covered_display": "80.0", "num_branches": 4, "num_partial_branches": 1, "covered_branches": 3, "missing_branches": 1, "percent_branches_covered": 75.0, "percent_branches_covered_display": "75.0"}, "missing_lines": [205], "excluded_lines": [], "start_line": 203, "executed_branches": [[204, 206], [206, 207], [206, 208]], "missing_branches": [[204, 205]]}, "AgentCostGuard.result_exceeds_request_limit": {"executed_lines": [218, 220], "summary": {"covered_lines": 2, "num_statements": 3, "percent_covered": 60.0, "percent_covered_display": "60.0", "missing_lines": 1, "excluded_lines": 0, "percent_statements_covered": 66.66666666666667, "percent_statements_covered_display": "66.7", "num_branches": 2, "num_partial_branches": 1, "covered_branches": 1, "missing_branches": 1, "percent_branches_covered": 50.0, "percent_branches_covered_display": "50.0"}, "missing_lines": [219], "excluded_lines": [], "start_line": 213, "executed_branches": [[218, 220]], "missing_branches": [[218, 219]]}, "AgentCostGuard._has_valid_usage": {"executed_lines": [228], "summary": {"covered_lines": 1, "num_statements": 1, "percent_covered": 100.0, "percent_covered_display": "100.0", "missing_lines": 0, "excluded_lines": 0, "percent_statements_covered": 100.0, "percent_statements_covered_display": "100.0", "num_branches": 0, "num_partial_branches": 0, "covered_branches": 0, "missing_branches": 0, "percent_branches_covered": 100.0, "percent_branches_covered_display": "100.0"}, "missing_lines": [], "excluded_lines": [], "start_line": 227, "executed_branches": [], "missing_branches": []}, "AgentCostGuard._settle": {"executed_lines": [238, 239, 240, 241, 242, 246, 250, 251], "summary": {"covered_lines": 8, "num_statements": 8, "percent_covered": 83.33333333333333, "percent_covered_display": "83.3", "missing_lines": 0, "excluded_lines": 0, "percent_statements_covered": 100.0, "percent_statements_covered_display": "100.0", "num_branches": 4, "num_partial_branches": 2, "covered_branches": 2, "missing_branches": 2, "percent_branches_covered": 50.0, "percent_branches_covered_display": "50.0"}, "missing_lines": [], "excluded_lines": [], "start_line": 237, "executed_branches": [[240, 241], [250, 251]], "missing_branches": [[240, 250], [250, -237]]}, "": {"executed_lines": [1, 2, 3, 4, 5, 6, 7, 8, 10, 13, 16, 17, 22, 25, 44, 45, 89, 90, 91, 92, 93, 94, 95, 96, 98, 108, 111, 140, 141, 146, 173, 203, 213, 226, 227, 237, 257, 258, 259, 260], "summary": {"covered_lines": 40, "num_statements": 40, "percent_covered": 100.0, "percent_covered_display": "100.0", "missing_lines": 0, "excluded_lines": 0, "percent_statements_covered": 100.0, "percent_statements_covered_display": "100.0", "num_branches": 0, "num_partial_branches": 0, "covered_branches": 0, "missing_branches": 0, "percent_branches_covered": 100.0, "percent_branches_covered_display": "100.0"}, "missing_lines": [], "excluded_lines": [], "start_line": 1, "executed_branches": [], "missing_branches": []}}, "classes": {"AgentGovernanceRejected": {"executed_lines": [18, 19], "summary": {"covered_lines": 2, "num_statements": 2, "percent_covered": 100.0, "percent_covered_display": "100.0", "missing_lines": 0, "excluded_lines": 0, "percent_statements_covered": 100.0, "percent_statements_covered_display": "100.0", "num_branches": 0, "num_partial_branches": 0, "covered_branches": 0, "missing_branches": 0, "percent_branches_covered": 100.0, "percent_branches_covered_display": "100.0"}, "missing_lines": [], "excluded_lines": [], "start_line": 16, "executed_branches": [], "missing_branches": []}, "AgentAdmissionGate": {"executed_lines": [34, 35, 36, 37, 38, 39, 40, 41, 42, 46, 47, 48, 49, 50, 51, 52, 53, 57, 58, 59, 60, 63, 64, 65, 69, 70, 75, 77, 78, 80, 81, 82, 83, 84], "summary": {"covered_lines": 34, "num_statements": 44, "percent_covered": 70.3125, "percent_covered_display": "70.3", "missing_lines": 10, "excluded_lines": 0, "percent_statements_covered": 77.27272727272727, "percent_statements_covered_display": "77.3", "num_branches": 20, "num_partial_branches": 7, "covered_branches": 11, "missing_branches": 9, "percent_branches_covered": 55.0, "percent_branches_covered_display": "55.0"}, "missing_lines": [61, 62, 66, 67, 71, 72, 73, 74, 79, 86], "excluded_lines": [], "start_line": 22, "executed_branches": [[50, 51], [53, 57], [53, 63], [60, 69], [63, 64], [64, 65], [69, 70], [78, 80], [80, -44], [80, 81], [83, 84]], "missing_branches": [[50, 75], [60, 61], [63, 69], [64, 66], [69, 71], [72, 73], [72, 74], [78, 79], [83, 86]]}, "AgentBudgetReservation": {"executed_lines": [99, 101, 102, 103, 104, 105], "summary": {"covered_lines": 6, "num_statements": 7, "percent_covered": 77.77777777777777, "percent_covered_display": "77.8", "missing_lines": 1, "excluded_lines": 0, "percent_statements_covered": 85.71428571428571, "percent_statements_covered_display": "85.7", "num_branches": 2, "num_partial_branches": 1, "covered_branches": 1, "missing_branches": 1, "percent_branches_covered": 50.0, "percent_branches_covered_display": "50.0"}, "missing_lines": [100], "excluded_lines": [], "start_line": 90, "executed_branches": [[99, 101]], "missing_branches": [[99, 100]]}, "AgentCostGuard": {"executed_lines": [124, 125, 126, 127, 128, 129, 130, 131, 132, 133, 134, 135, 136, 137, 138, 142, 144, 147, 166, 167, 171, 174, 175, 176, 178, 179, 180, 181, 182, 183, 184, 185, 186, 187, 188, 189, 190, 191, 192, 197, 198, 199, 200, 201, 204, 206, 207, 208, 218, 220, 228, 238, 239, 240, 241, 242, 246, 250, 251], "summary": {"covered_lines": 59, "num_statements": 62, "percent_covered": 90.2439024390244, "percent_covered_display": "90.2", "missing_lines": 3, "excluded_lines": 0, "percent_statements_covered": 95.16129032258064, "percent_statements_covered_display": "95.2", "num_branches": 20, "num_partial_branches": 5, "covered_branches": 15, "missing_branches": 5, "percent_branches_covered": 75.0, "percent_branches_covered_display": "75.0"}, "missing_lines": [143, 205, 219], "excluded_lines": [], "start_line": 108, "executed_branches": [[142, 144], [175, 176], [175, 178], [182, 183], [182, 186], [186, 187], [186, 189], [192, 197], [192, 198], [204, 206], [206, 207], [206, 208], [218, 220], [240, 241], [250, 251]], "missing_branches": [[142, 143], [204, 205], [218, 219], [240, 250], [250, -237]]}, "AgentRuntimeGovernance": {"executed_lines": [], "summary": {"covered_lines": 0, "num_statements": 0, "percent_covered": 100.0, "percent_covered_display": "100.0", "missing_lines": 0, "excluded_lines": 0, "percent_statements_covered": 100.0, "percent_statements_covered_display": "100.0", "num_branches": 0, "num_partial_branches": 0, "covered_branches": 0, "missing_branches": 0, "percent_branches_covered": 100.0, "percent_branches_covered_display": "100.0"}, "missing_lines": [], "excluded_lines": [], "start_line": 258, "executed_branches": [], "missing_branches": []}, "": {"executed_lines": [1, 2, 3, 4, 5, 6, 7, 8, 10, 13, 16, 17, 22, 25, 44, 45, 89, 90, 91, 92, 93, 94, 95, 96, 98, 108, 111, 140, 141, 146, 173, 203, 213, 226, 227, 237, 257, 258, 259, 260], "summary": {"covered_lines": 40, "num_statements": 40, "percent_covered": 100.0, "percent_covered_display": "100.0", "missing_lines": 0, "excluded_lines": 0, "percent_statements_covered": 100.0, "percent_statements_covered_display": "100.0", "num_branches": 0, "num_partial_branches": 0, "covered_branches": 0, "missing_branches": 0, "percent_branches_covered": 100.0, "percent_branches_covered_display": "100.0"}, "missing_lines": [], "excluded_lines": [], "start_line": 1, "executed_branches": [], "missing_branches": []}}}, "backend\\app\\agent\\memory.py": {"executed_lines": [1, 4, 5, 7], "summary": {"covered_lines": 4, "num_statements": 5, "percent_covered": 71.42857142857143, "percent_covered_display": "71.4", "missing_lines": 1, "excluded_lines": 0, "percent_statements_covered": 80.0, "percent_statements_covered_display": "80.0", "num_branches": 2, "num_partial_branches": 1, "covered_branches": 1, "missing_branches": 1, "percent_branches_covered": 50.0, "percent_branches_covered_display": "50.0"}, "missing_lines": [6], "excluded_lines": [], "executed_branches": [[5, 7]], "missing_branches": [[5, 6]], "functions": {"load_user_agent_preferences": {"executed_lines": [5, 7], "summary": {"covered_lines": 2, "num_statements": 3, "percent_covered": 60.0, "percent_covered_display": "60.0", "missing_lines": 1, "excluded_lines": 0, "percent_statements_covered": 66.66666666666667, "percent_statements_covered_display": "66.7", "num_branches": 2, "num_partial_branches": 1, "covered_branches": 1, "missing_branches": 1, "percent_branches_covered": 50.0, "percent_branches_covered_display": "50.0"}, "missing_lines": [6], "excluded_lines": [], "start_line": 4, "executed_branches": [[5, 7]], "missing_branches": [[5, 6]]}, "": {"executed_lines": [1, 4], "summary": {"covered_lines": 2, "num_statements": 2, "percent_covered": 100.0, "percent_covered_display": "100.0", "missing_lines": 0, "excluded_lines": 0, "percent_statements_covered": 100.0, "percent_statements_covered_display": "100.0", "num_branches": 0, "num_partial_branches": 0, "covered_branches": 0, "missing_branches": 0, "percent_branches_covered": 100.0, "percent_branches_covered_display": "100.0"}, "missing_lines": [], "excluded_lines": [], "start_line": 1, "executed_branches": [], "missing_branches": []}}, "classes": {"": {"executed_lines": [1, 4, 5, 7], "summary": {"covered_lines": 4, "num_statements": 5, "percent_covered": 71.42857142857143, "percent_covered_display": "71.4", "missing_lines": 1, "excluded_lines": 0, "percent_statements_covered": 80.0, "percent_statements_covered_display": "80.0", "num_branches": 2, "num_partial_branches": 1, "covered_branches": 1, "missing_branches": 1, "percent_branches_covered": 50.0, "percent_branches_covered_display": "50.0"}, "missing_lines": [6], "excluded_lines": [], "start_line": 1, "executed_branches": [[5, 7]], "missing_branches": [[5, 6]]}}}, "backend\\app\\agent\\model_gate.py": {"executed_lines": [1, 2, 3, 6, 7, 8, 9, 10, 22, 23, 26, 27, 28, 35, 38, 39, 40, 43, 51, 53, 55, 57, 58, 59, 60, 63, 64, 65, 67, 68, 69, 70, 71, 72, 74, 76, 78, 79, 80, 82, 84, 92, 97, 98, 100, 101, 102, 109, 120, 121, 122, 125, 126, 127, 134, 142, 143, 144, 145, 146, 147, 148, 149, 150, 151, 152, 153, 154, 156, 157], "summary": {"covered_lines": 70, "num_statements": 81, "percent_covered": 82.4, "percent_covered_display": "82.4", "missing_lines": 11, "excluded_lines": 0, "percent_statements_covered": 86.41975308641975, "percent_statements_covered_display": "86.4", "num_branches": 44, "num_partial_branches": 11, "covered_branches": 33, "missing_branches": 11, "percent_branches_covered": 75.0, "percent_branches_covered_display": "75.0"}, "missing_lines": [34, 52, 54, 56, 61, 66, 73, 75, 77, 81, 83], "excluded_lines": [], "executed_branches": [[28, 35], [51, 53], [53, 55], [55, 57], [57, 58], [57, 59], [60, 63], [64, 65], [64, 92], [65, 67], [67, 68], [67, 69], [72, 74], [74, 76], [76, 78], [78, 79], [78, 80], [80, 82], [82, 84], [101, 102], [101, 109], [143, 144], [143, 145], [145, 146], [145, 147], [147, 148], [147, 149], [149, 150], [149, 151], [151, 152], [151, 153], [153, 154], [153, 156]], "missing_branches": [[28, 34], [51, 52], [53, 54], [55, 56], [60, 61], [65, 66], [72, 73], [74, 75], [76, 77], [80, 81], [82, 83]], "functions": {"_number": {"executed_lines": [27, 28, 35], "summary": {"covered_lines": 3, "num_statements": 4, "percent_covered": 66.66666666666667, "percent_covered_display": "66.7", "missing_lines": 1, "excluded_lines": 0, "percent_statements_covered": 75.0, "percent_statements_covered_display": "75.0", "num_branches": 2, "num_partial_branches": 1, "covered_branches": 1, "missing_branches": 1, "percent_branches_covered": 50.0, "percent_branches_covered_display": "50.0"}, "missing_lines": [34], "excluded_lines": [], "start_line": 26, "executed_branches": [[28, 35]], "missing_branches": [[28, 34]]}, "_percentile": {"executed_lines": [39, 40], "summary": {"covered_lines": 2, "num_statements": 2, "percent_covered": 100.0, "percent_covered_display": "100.0", "missing_lines": 0, "excluded_lines": 0, "percent_statements_covered": 100.0, "percent_statements_covered_display": "100.0", "num_branches": 0, "num_partial_branches": 0, "covered_branches": 0, "missing_branches": 0, "percent_branches_covered": 100.0, "percent_branches_covered_display": "100.0"}, "missing_lines": [], "excluded_lines": [], "start_line": 38, "executed_branches": [], "missing_branches": []}, "evaluate_model_upgrade": {"executed_lines": [51, 53, 55, 57, 58, 59, 60, 63, 64, 65, 67, 68, 69, 70, 71, 72, 74, 76, 78, 79, 80, 82, 84, 92, 97, 98, 100, 120, 121, 122, 125, 126, 127, 134, 142, 143, 144, 145, 146, 147, 148, 149, 150, 151, 152, 153, 154, 156, 157], "summary": {"covered_lines": 49, "num_statements": 59, "percent_covered": 79.79797979797979, "percent_covered_display": "79.8", "missing_lines": 10, "excluded_lines": 0, "percent_statements_covered": 83.05084745762711, "percent_statements_covered_display": "83.1", "num_branches": 40, "num_partial_branches": 10, "covered_branches": 30, "missing_branches": 10, "percent_branches_covered": 75.0, "percent_branches_covered_display": "75.0"}, "missing_lines": [52, 54, 56, 61, 66, 73, 75, 77, 81, 83], "excluded_lines": [], "start_line": 43, "executed_branches": [[51, 53], [53, 55], [55, 57], [57, 58], [57, 59], [60, 63], [64, 65], [64, 92], [65, 67], [67, 68], [67, 69], [72, 74], [74, 76], [76, 78], [78, 79], [78, 80], [80, 82], [82, 84], [143, 144], [143, 145], [145, 146], [145, 147], [147, 148], [147, 149], [149, 150], [149, 151], [151, 152], [151, 153], [153, 154], [153, 156]], "missing_branches": [[51, 52], [53, 54], [55, 56], [60, 61], [65, 66], [72, 73], [74, 75], [76, 77], [80, 81], [82, 83]]}, "evaluate_model_upgrade.summary": {"executed_lines": [101, 102, 109], "summary": {"covered_lines": 3, "num_statements": 3, "percent_covered": 100.0, "percent_covered_display": "100.0", "missing_lines": 0, "excluded_lines": 0, "percent_statements_covered": 100.0, "percent_statements_covered_display": "100.0", "num_branches": 2, "num_partial_branches": 0, "covered_branches": 2, "missing_branches": 0, "percent_branches_covered": 100.0, "percent_branches_covered_display": "100.0"}, "missing_lines": [], "excluded_lines": [], "start_line": 100, "executed_branches": [[101, 102], [101, 109]], "missing_branches": []}, "": {"executed_lines": [1, 2, 3, 6, 7, 8, 9, 10, 22, 23, 26, 38, 43], "summary": {"covered_lines": 13, "num_statements": 13, "percent_covered": 100.0, "percent_covered_display": "100.0", "missing_lines": 0, "excluded_lines": 0, "percent_statements_covered": 100.0, "percent_statements_covered_display": "100.0", "num_branches": 0, "num_partial_branches": 0, "covered_branches": 0, "missing_branches": 0, "percent_branches_covered": 100.0, "percent_branches_covered_display": "100.0"}, "missing_lines": [], "excluded_lines": [], "start_line": 1, "executed_branches": [], "missing_branches": []}}, "classes": {"ModelComparisonInvalid": {"executed_lines": [], "summary": {"covered_lines": 0, "num_statements": 0, "percent_covered": 100.0, "percent_covered_display": "100.0", "missing_lines": 0, "excluded_lines": 0, "percent_statements_covered": 100.0, "percent_statements_covered_display": "100.0", "num_branches": 0, "num_partial_branches": 0, "covered_branches": 0, "missing_branches": 0, "percent_branches_covered": 100.0, "percent_branches_covered_display": "100.0"}, "missing_lines": [], "excluded_lines": [], "start_line": 22, "executed_branches": [], "missing_branches": []}, "": {"executed_lines": [1, 2, 3, 6, 7, 8, 9, 10, 22, 23, 26, 27, 28, 35, 38, 39, 40, 43, 51, 53, 55, 57, 58, 59, 60, 63, 64, 65, 67, 68, 69, 70, 71, 72, 74, 76, 78, 79, 80, 82, 84, 92, 97, 98, 100, 101, 102, 109, 120, 121, 122, 125, 126, 127, 134, 142, 143, 144, 145, 146, 147, 148, 149, 150, 151, 152, 153, 154, 156, 157], "summary": {"covered_lines": 70, "num_statements": 81, "percent_covered": 82.4, "percent_covered_display": "82.4", "missing_lines": 11, "excluded_lines": 0, "percent_statements_covered": 86.41975308641975, "percent_statements_covered_display": "86.4", "num_branches": 44, "num_partial_branches": 11, "covered_branches": 33, "missing_branches": 11, "percent_branches_covered": 75.0, "percent_branches_covered_display": "75.0"}, "missing_lines": [34, 52, 54, 56, 61, 66, 73, 75, 77, 81, 83], "excluded_lines": [], "start_line": 1, "executed_branches": [[28, 35], [51, 53], [53, 55], [55, 57], [57, 58], [57, 59], [60, 63], [64, 65], [64, 92], [65, 67], [67, 68], [67, 69], [72, 74], [74, 76], [76, 78], [78, 79], [78, 80], [80, 82], [82, 84], [101, 102], [101, 109], [143, 144], [143, 145], [145, 146], [145, 147], [147, 148], [147, 149], [149, 150], [149, 151], [151, 152], [151, 153], [153, 154], [153, 156]], "missing_branches": [[28, 34], [51, 52], [53, 54], [55, 56], [60, 61], [65, 66], [72, 73], [74, 75], [76, 77], [80, 81], [82, 83]]}}}, "backend\\app\\agent\\model_report.py": {"executed_lines": [1, 2, 3, 5, 8, 9, 12, 13, 21, 22, 25, 26, 27, 34, 40, 41, 43], "summary": {"covered_lines": 17, "num_statements": 18, "percent_covered": 90.0, "percent_covered_display": "90.0", "missing_lines": 1, "excluded_lines": 0, "percent_statements_covered": 94.44444444444444, "percent_statements_covered_display": "94.4", "num_branches": 2, "num_partial_branches": 1, "covered_branches": 1, "missing_branches": 1, "percent_branches_covered": 50.0, "percent_branches_covered_display": "50.0"}, "missing_lines": [42], "excluded_lines": [], "executed_branches": [[41, 43]], "missing_branches": [[41, 42]], "functions": {"_canonical_bytes": {"executed_lines": [13], "summary": {"covered_lines": 1, "num_statements": 1, "percent_covered": 100.0, "percent_covered_display": "100.0", "missing_lines": 0, "excluded_lines": 0, "percent_statements_covered": 100.0, "percent_statements_covered_display": "100.0", "num_branches": 0, "num_partial_branches": 0, "covered_branches": 0, "missing_branches": 0, "percent_branches_covered": 100.0, "percent_branches_covered_display": "100.0"}, "missing_lines": [], "excluded_lines": [], "start_line": 12, "executed_branches": [], "missing_branches": []}, "render_json": {"executed_lines": [22], "summary": {"covered_lines": 1, "num_statements": 1, "percent_covered": 100.0, "percent_covered_display": "100.0", "missing_lines": 0, "excluded_lines": 0, "percent_statements_covered": 100.0, "percent_statements_covered_display": "100.0", "num_branches": 0, "num_partial_branches": 0, "covered_branches": 0, "missing_branches": 0, "percent_branches_covered": 100.0, "percent_branches_covered_display": "100.0"}, "missing_lines": [], "excluded_lines": [], "start_line": 21, "executed_branches": [], "missing_branches": []}, "build_decision_report": {"executed_lines": [26, 27], "summary": {"covered_lines": 2, "num_statements": 2, "percent_covered": 100.0, "percent_covered_display": "100.0", "missing_lines": 0, "excluded_lines": 0, "percent_statements_covered": 100.0, "percent_statements_covered_display": "100.0", "num_branches": 0, "num_partial_branches": 0, "covered_branches": 0, "missing_branches": 0, "percent_branches_covered": 100.0, "percent_branches_covered_display": "100.0"}, "missing_lines": [], "excluded_lines": [], "start_line": 25, "executed_branches": [], "missing_branches": []}, "build_archive_metadata": {"executed_lines": [40, 41, 43], "summary": {"covered_lines": 3, "num_statements": 4, "percent_covered": 66.66666666666667, "percent_covered_display": "66.7", "missing_lines": 1, "excluded_lines": 0, "percent_statements_covered": 75.0, "percent_statements_covered_display": "75.0", "num_branches": 2, "num_partial_branches": 1, "covered_branches": 1, "missing_branches": 1, "percent_branches_covered": 50.0, "percent_branches_covered_display": "50.0"}, "missing_lines": [42], "excluded_lines": [], "start_line": 34, "executed_branches": [[41, 43]], "missing_branches": [[41, 42]]}, "": {"executed_lines": [1, 2, 3, 5, 8, 9, 12, 21, 25, 34], "summary": {"covered_lines": 10, "num_statements": 10, "percent_covered": 100.0, "percent_covered_display": "100.0", "missing_lines": 0, "excluded_lines": 0, "percent_statements_covered": 100.0, "percent_statements_covered_display": "100.0", "num_branches": 0, "num_partial_branches": 0, "covered_branches": 0, "missing_branches": 0, "percent_branches_covered": 100.0, "percent_branches_covered_display": "100.0"}, "missing_lines": [], "excluded_lines": [], "start_line": 1, "executed_branches": [], "missing_branches": []}}, "classes": {"": {"executed_lines": [1, 2, 3, 5, 8, 9, 12, 13, 21, 22, 25, 26, 27, 34, 40, 41, 43], "summary": {"covered_lines": 17, "num_statements": 18, "percent_covered": 90.0, "percent_covered_display": "90.0", "missing_lines": 1, "excluded_lines": 0, "percent_statements_covered": 94.44444444444444, "percent_statements_covered_display": "94.4", "num_branches": 2, "num_partial_branches": 1, "covered_branches": 1, "missing_branches": 1, "percent_branches_covered": 50.0, "percent_branches_covered_display": "50.0"}, "missing_lines": [42], "excluded_lines": [], "start_line": 1, "executed_branches": [[41, 43]], "missing_branches": [[41, 42]]}}}, "backend\\app\\agent\\observability.py": {"executed_lines": [1, 2, 3, 4, 5, 6, 7, 8, 11, 12, 19, 20, 38, 54, 59, 66, 67, 72, 100, 102, 105, 106, 107, 108, 109, 110, 111, 112, 113, 114, 115, 118, 121, 122, 123, 125, 126, 127, 128, 131, 132, 133, 134, 136, 137, 138, 140, 141, 142, 143, 144, 146, 158, 159, 160, 161, 162, 173, 180, 181, 182, 183, 185, 186, 187, 189, 190, 191, 193, 194, 195, 196, 197, 198, 199, 201, 202, 203, 204, 205, 206, 207, 214, 217, 218, 225, 228, 236, 237, 241, 242, 249, 251, 252, 253, 254, 255, 256, 264, 268, 269, 271, 272, 303, 312, 315, 316], "summary": {"covered_lines": 107, "num_statements": 115, "percent_covered": 91.6030534351145, "percent_covered_display": "91.6", "missing_lines": 8, "excluded_lines": 0, "percent_statements_covered": 93.04347826086956, "percent_statements_covered_display": "93.0", "num_branches": 16, "num_partial_branches": 3, "covered_branches": 13, "missing_branches": 3, "percent_branches_covered": 81.25, "percent_branches_covered_display": "81.2"}, "missing_lines": [101, 229, 304, 305, 306, 307, 308, 309], "excluded_lines": [], "executed_branches": [[100, 102], [142, 143], [142, 144], [195, 196], [195, 197], [206, 207], [206, 214], [217, 218], [217, 225], [228, 236], [236, 237], [236, 249], [241, 242]], "missing_branches": [[100, 101], [228, 229], [241, 249]], "functions": {"build_agent_trace": {"executed_lines": [54, 59, 66, 67, 72, 100, 102], "summary": {"covered_lines": 7, "num_statements": 8, "percent_covered": 80.0, "percent_covered_display": "80.0", "missing_lines": 1, "excluded_lines": 0, "percent_statements_covered": 87.5, "percent_statements_covered_display": "87.5", "num_branches": 2, "num_partial_branches": 1, "covered_branches": 1, "missing_branches": 1, "percent_branches_covered": 50.0, "percent_branches_covered_display": "50.0"}, "missing_lines": [101], "excluded_lines": [], "start_line": 38, "executed_branches": [[100, 102]], "missing_branches": [[100, 101]]}, "AgentMetrics.__init__": {"executed_lines": [126, 127, 128, 131, 132, 133, 134], "summary": {"covered_lines": 7, "num_statements": 7, "percent_covered": 100.0, "percent_covered_display": "100.0", "missing_lines": 0, "excluded_lines": 0, "percent_statements_covered": 100.0, "percent_statements_covered_display": "100.0", "num_branches": 0, "num_partial_branches": 0, "covered_branches": 0, "missing_branches": 0, "percent_branches_covered": 100.0, "percent_branches_covered_display": "100.0"}, "missing_lines": [], "excluded_lines": [], "start_line": 125, "executed_branches": [], "missing_branches": []}, "AgentMetrics._label": {"executed_lines": [138], "summary": {"covered_lines": 1, "num_statements": 1, "percent_covered": 100.0, "percent_covered_display": "100.0", "missing_lines": 0, "excluded_lines": 0, "percent_statements_covered": 100.0, "percent_statements_covered_display": "100.0", "num_branches": 0, "num_partial_branches": 0, "covered_branches": 0, "missing_branches": 0, "percent_branches_covered": 100.0, "percent_branches_covered_display": "100.0"}, "missing_lines": [], "excluded_lines": [], "start_line": 137, "executed_branches": [], "missing_branches": []}, "AgentMetrics._model_key": {"executed_lines": [141, 142, 143, 144], "summary": {"covered_lines": 4, "num_statements": 4, "percent_covered": 100.0, "percent_covered_display": "100.0", "missing_lines": 0, "excluded_lines": 0, "percent_statements_covered": 100.0, "percent_statements_covered_display": "100.0", "num_branches": 2, "num_partial_branches": 0, "covered_branches": 2, "missing_branches": 0, "percent_branches_covered": 100.0, "percent_branches_covered_display": "100.0"}, "missing_lines": [], "excluded_lines": [], "start_line": 140, "executed_branches": [[142, 143], [142, 144]], "missing_branches": []}, "AgentMetrics.record": {"executed_lines": [158, 159, 160, 161, 162, 173, 180, 181, 182, 183], "summary": {"covered_lines": 10, "num_statements": 10, "percent_covered": 100.0, "percent_covered_display": "100.0", "missing_lines": 0, "excluded_lines": 0, "percent_statements_covered": 100.0, "percent_statements_covered_display": "100.0", "num_branches": 0, "num_partial_branches": 0, "covered_branches": 0, "missing_branches": 0, "percent_branches_covered": 100.0, "percent_branches_covered_display": "100.0"}, "missing_lines": [], "excluded_lines": [], "start_line": 146, "executed_branches": [], "missing_branches": []}, "AgentMetrics.record_replay_hit": {"executed_lines": [186, 187], "summary": {"covered_lines": 2, "num_statements": 2, "percent_covered": 100.0, "percent_covered_display": "100.0", "missing_lines": 0, "excluded_lines": 0, "percent_statements_covered": 100.0, "percent_statements_covered_display": "100.0", "num_branches": 0, "num_partial_branches": 0, "covered_branches": 0, "missing_branches": 0, "percent_branches_covered": 100.0, "percent_branches_covered_display": "100.0"}, "missing_lines": [], "excluded_lines": [], "start_line": 185, "executed_branches": [], "missing_branches": []}, "AgentMetrics.record_request_id_conflict": {"executed_lines": [190, 191], "summary": {"covered_lines": 2, "num_statements": 2, "percent_covered": 100.0, "percent_covered_display": "100.0", "missing_lines": 0, "excluded_lines": 0, "percent_statements_covered": 100.0, "percent_statements_covered_display": "100.0", "num_branches": 0, "num_partial_branches": 0, "covered_branches": 0, "missing_branches": 0, "percent_branches_covered": 100.0, "percent_branches_covered_display": "100.0"}, "missing_lines": [], "excluded_lines": [], "start_line": 189, "executed_branches": [], "missing_branches": []}, "AgentMetrics._percentile": {"executed_lines": [195, 196, 197, 198, 199], "summary": {"covered_lines": 5, "num_statements": 5, "percent_covered": 100.0, "percent_covered_display": "100.0", "missing_lines": 0, "excluded_lines": 0, "percent_statements_covered": 100.0, "percent_statements_covered_display": "100.0", "num_branches": 2, "num_partial_branches": 0, "covered_branches": 2, "missing_branches": 0, "percent_branches_covered": 100.0, "percent_branches_covered_display": "100.0"}, "missing_lines": [], "excluded_lines": [], "start_line": 194, "executed_branches": [[195, 196], [195, 197]], "missing_branches": []}, "AgentMetrics._alerts": {"executed_lines": [203, 204, 205, 206, 207, 214, 217, 218, 225, 228, 236, 237, 241, 242, 249], "summary": {"covered_lines": 15, "num_statements": 16, "percent_covered": 88.46153846153847, "percent_covered_display": "88.5", "missing_lines": 1, "excluded_lines": 0, "percent_statements_covered": 93.75, "percent_statements_covered_display": "93.8", "num_branches": 10, "num_partial_branches": 2, "covered_branches": 8, "missing_branches": 2, "percent_branches_covered": 80.0, "percent_branches_covered_display": "80.0"}, "missing_lines": [229], "excluded_lines": [], "start_line": 202, "executed_branches": [[206, 207], [206, 214], [217, 218], [217, 225], [228, 236], [236, 237], [236, 249], [241, 242]], "missing_branches": [[228, 229], [241, 249]]}, "AgentMetrics.snapshot": {"executed_lines": [252, 253, 254, 255, 256, 264, 268, 269, 271, 272], "summary": {"covered_lines": 10, "num_statements": 10, "percent_covered": 100.0, "percent_covered_display": "100.0", "missing_lines": 0, "excluded_lines": 0, "percent_statements_covered": 100.0, "percent_statements_covered_display": "100.0", "num_branches": 0, "num_partial_branches": 0, "covered_branches": 0, "missing_branches": 0, "percent_branches_covered": 100.0, "percent_branches_covered_display": "100.0"}, "missing_lines": [], "excluded_lines": [], "start_line": 251, "executed_branches": [], "missing_branches": []}, "AgentMetrics.reset": {"executed_lines": [], "summary": {"covered_lines": 0, "num_statements": 6, "percent_covered": 0.0, "percent_covered_display": "0.0", "missing_lines": 6, "excluded_lines": 0, "percent_statements_covered": 0.0, "percent_statements_covered_display": "0.0", "num_branches": 0, "num_partial_branches": 0, "covered_branches": 0, "missing_branches": 0, "percent_branches_covered": 100.0, "percent_branches_covered_display": "100.0"}, "missing_lines": [304, 305, 306, 307, 308, 309], "excluded_lines": [], "start_line": 303, "executed_branches": [], "missing_branches": []}, "get_agent_metrics": {"executed_lines": [316], "summary": {"covered_lines": 1, "num_statements": 1, "percent_covered": 100.0, "percent_covered_display": "100.0", "missing_lines": 0, "excluded_lines": 0, "percent_statements_covered": 100.0, "percent_statements_covered_display": "100.0", "num_branches": 0, "num_partial_branches": 0, "covered_branches": 0, "missing_branches": 0, "percent_branches_covered": 100.0, "percent_branches_covered_display": "100.0"}, "missing_lines": [], "excluded_lines": [], "start_line": 315, "executed_branches": [], "missing_branches": []}, "": {"executed_lines": [1, 2, 3, 4, 5, 6, 7, 8, 11, 12, 19, 20, 38, 105, 106, 107, 108, 109, 110, 111, 112, 113, 114, 115, 118, 121, 122, 123, 125, 136, 137, 140, 146, 185, 189, 193, 194, 201, 202, 251, 303, 312, 315], "summary": {"covered_lines": 43, "num_statements": 43, "percent_covered": 100.0, "percent_covered_display": "100.0", "missing_lines": 0, "excluded_lines": 0, "percent_statements_covered": 100.0, "percent_statements_covered_display": "100.0", "num_branches": 0, "num_partial_branches": 0, "covered_branches": 0, "missing_branches": 0, "percent_branches_covered": 100.0, "percent_branches_covered_display": "100.0"}, "missing_lines": [], "excluded_lines": [], "start_line": 1, "executed_branches": [], "missing_branches": []}}, "classes": {"AgentOperationEvent": {"executed_lines": [], "summary": {"covered_lines": 0, "num_statements": 0, "percent_covered": 100.0, "percent_covered_display": "100.0", "missing_lines": 0, "excluded_lines": 0, "percent_statements_covered": 100.0, "percent_statements_covered_display": "100.0", "num_branches": 0, "num_partial_branches": 0, "covered_branches": 0, "missing_branches": 0, "percent_branches_covered": 100.0, "percent_branches_covered_display": "100.0"}, "missing_lines": [], "excluded_lines": [], "start_line": 106, "executed_branches": [], "missing_branches": []}, "AgentMetrics": {"executed_lines": [126, 127, 128, 131, 132, 133, 134, 138, 141, 142, 143, 144, 158, 159, 160, 161, 162, 173, 180, 181, 182, 183, 186, 187, 190, 191, 195, 196, 197, 198, 199, 203, 204, 205, 206, 207, 214, 217, 218, 225, 228, 236, 237, 241, 242, 249, 252, 253, 254, 255, 256, 264, 268, 269, 271, 272], "summary": {"covered_lines": 56, "num_statements": 63, "percent_covered": 88.31168831168831, "percent_covered_display": "88.3", "missing_lines": 7, "excluded_lines": 0, "percent_statements_covered": 88.88888888888889, "percent_statements_covered_display": "88.9", "num_branches": 14, "num_partial_branches": 2, "covered_branches": 12, "missing_branches": 2, "percent_branches_covered": 85.71428571428571, "percent_branches_covered_display": "85.7"}, "missing_lines": [229, 304, 305, 306, 307, 308, 309], "excluded_lines": [], "start_line": 118, "executed_branches": [[142, 143], [142, 144], [195, 196], [195, 197], [206, 207], [206, 214], [217, 218], [217, 225], [228, 236], [236, 237], [236, 249], [241, 242]], "missing_branches": [[228, 229], [241, 249]]}, "": {"executed_lines": [1, 2, 3, 4, 5, 6, 7, 8, 11, 12, 19, 20, 38, 54, 59, 66, 67, 72, 100, 102, 105, 106, 107, 108, 109, 110, 111, 112, 113, 114, 115, 118, 121, 122, 123, 125, 136, 137, 140, 146, 185, 189, 193, 194, 201, 202, 251, 303, 312, 315, 316], "summary": {"covered_lines": 51, "num_statements": 52, "percent_covered": 96.29629629629629, "percent_covered_display": "96.3", "missing_lines": 1, "excluded_lines": 0, "percent_statements_covered": 98.07692307692308, "percent_statements_covered_display": "98.1", "num_branches": 2, "num_partial_branches": 1, "covered_branches": 1, "missing_branches": 1, "percent_branches_covered": 50.0, "percent_branches_covered_display": "50.0"}, "missing_lines": [101], "excluded_lines": [], "start_line": 1, "executed_branches": [[100, 102]], "missing_branches": [[100, 101]]}}}, "backend\\app\\agent\\orchestrator.py": {"executed_lines": [1, 2, 3, 4, 5, 6, 8, 10, 16, 17, 18, 28, 29, 32, 33, 39, 42, 43, 54, 55, 56, 57, 58, 59, 60, 62, 72, 73, 74, 75, 76, 84, 98, 100, 101, 108, 109, 110, 117, 118, 119, 132, 133, 141, 149, 150, 159, 177, 178, 179, 180, 187, 188, 195, 196, 203, 204, 212, 213, 214, 215, 216, 217, 218, 219, 220, 234, 236, 243, 244, 250, 251, 252, 253, 261, 262, 264, 266, 272, 276, 278, 279, 280, 281, 286, 287, 288, 297, 298, 305, 306, 307, 308, 309, 310, 311, 317, 318, 327, 329, 330, 335, 336, 337, 338, 339, 340, 341, 342, 343, 345, 346, 347, 348, 349, 350, 351, 353, 354, 356, 366, 367, 369, 374, 375, 386, 387, 389, 398, 399, 400, 405, 410, 411, 425, 426, 427, 428, 442, 444, 445, 446, 447, 449, 450, 465, 480, 490], "summary": {"covered_lines": 148, "num_statements": 161, "percent_covered": 88.55721393034825, "percent_covered_display": "88.6", "missing_lines": 13, "excluded_lines": 0, "percent_statements_covered": 91.92546583850931, "percent_statements_covered_display": "91.9", "num_branches": 40, "num_partial_branches": 10, "covered_branches": 30, "missing_branches": 10, "percent_branches_covered": 75.0, "percent_branches_covered_display": "75.0"}, "missing_lines": [77, 258, 259, 260, 263, 282, 293, 299, 312, 323, 344, 352, 355], "excluded_lines": [], "executed_branches": [[75, 76], [75, 100], [76, 84], [100, 101], [100, 108], [109, 110], [109, 117], [159, 177], [159, 178], [243, 244], [243, 250], [262, 264], [272, 276], [272, 278], [280, 281], [280, 317], [281, 286], [286, 287], [286, 309], [288, 297], [298, 305], [309, 310], [318, 327], [337, 338], [337, 367], [338, 339], [338, 340], [343, 345], [351, 353], [354, 356]], "missing_branches": [[76, 77], [262, 263], [281, 282], [288, 293], [298, 299], [309, 312], [318, 323], [343, 344], [351, 352], [354, 355]], "functions": {"AgentOrchestrator.__init__": {"executed_lines": [54, 55, 56, 57, 58, 59, 60], "summary": {"covered_lines": 7, "num_statements": 7, "percent_covered": 100.0, "percent_covered_display": "100.0", "missing_lines": 0, "excluded_lines": 0, "percent_statements_covered": 100.0, "percent_statements_covered_display": "100.0", "num_branches": 0, "num_partial_branches": 0, "covered_branches": 0, "missing_branches": 0, "percent_branches_covered": 100.0, "percent_branches_covered_display": "100.0"}, "missing_lines": [], "excluded_lines": [], "start_line": 43, "executed_branches": [], "missing_branches": []}, "AgentOrchestrator.respond": {"executed_lines": [72, 73, 74, 75, 76, 84, 98, 100, 101, 108, 109, 110, 117, 118, 119, 132, 133, 141, 149, 150, 159, 177, 178, 179, 180, 187, 188, 195, 196, 203, 204, 212, 213, 214, 215, 216, 217, 218, 219, 220, 234], "summary": {"covered_lines": 41, "num_statements": 42, "percent_covered": 96.15384615384616, "percent_covered_display": "96.2", "missing_lines": 1, "excluded_lines": 0, "percent_statements_covered": 97.61904761904762, "percent_statements_covered_display": "97.6", "num_branches": 10, "num_partial_branches": 1, "covered_branches": 9, "missing_branches": 1, "percent_branches_covered": 90.0, "percent_branches_covered_display": "90.0"}, "missing_lines": [77], "excluded_lines": [], "start_line": 62, "executed_branches": [[75, 76], [75, 100], [76, 84], [100, 101], [100, 108], [109, 110], [109, 117], [159, 177], [159, 178]], "missing_branches": [[76, 77]]}, "AgentOrchestrator._generate_with_governance": {"executed_lines": [243, 244, 250, 251, 252, 253, 261, 262, 264], "summary": {"covered_lines": 9, "num_statements": 13, "percent_covered": 70.58823529411765, "percent_covered_display": "70.6", "missing_lines": 4, "excluded_lines": 0, "percent_statements_covered": 69.23076923076923, "percent_statements_covered_display": "69.2", "num_branches": 4, "num_partial_branches": 1, "covered_branches": 3, "missing_branches": 1, "percent_branches_covered": 75.0, "percent_branches_covered_display": "75.0"}, "missing_lines": [258, 259, 260, 263], "excluded_lines": [], "start_line": 236, "executed_branches": [[243, 244], [243, 250], [262, 264]], "missing_branches": [[262, 263]]}, "AgentOrchestrator._generate": {"executed_lines": [272, 276, 278, 279, 280, 281, 286, 287, 288, 297, 298, 305, 306, 307, 308, 309, 310, 311, 317, 318, 327], "summary": {"covered_lines": 21, "num_statements": 26, "percent_covered": 76.19047619047619, "percent_covered_display": "76.2", "missing_lines": 5, "excluded_lines": 0, "percent_statements_covered": 80.76923076923077, "percent_statements_covered_display": "80.8", "num_branches": 16, "num_partial_branches": 5, "covered_branches": 11, "missing_branches": 5, "percent_branches_covered": 68.75, "percent_branches_covered_display": "68.8"}, "missing_lines": [282, 293, 299, 312, 323], "excluded_lines": [], "start_line": 266, "executed_branches": [[272, 276], [272, 278], [280, 281], [280, 317], [281, 286], [286, 287], [286, 309], [288, 297], [298, 305], [309, 310], [318, 327]], "missing_branches": [[281, 282], [288, 293], [298, 299], [309, 312], [318, 323]]}, "AgentOrchestrator._build_evidence": {"executed_lines": [330, 335, 336, 337, 338, 339, 340, 341, 342, 343, 345, 346, 347, 348, 349, 350, 351, 353, 354, 356, 366, 367], "summary": {"covered_lines": 22, "num_statements": 25, "percent_covered": 82.85714285714286, "percent_covered_display": "82.9", "missing_lines": 3, "excluded_lines": 0, "percent_statements_covered": 88.0, "percent_statements_covered_display": "88.0", "num_branches": 10, "num_partial_branches": 3, "covered_branches": 7, "missing_branches": 3, "percent_branches_covered": 70.0, "percent_branches_covered_display": "70.0"}, "missing_lines": [344, 352, 355], "excluded_lines": [], "start_line": 329, "executed_branches": [[337, 338], [337, 367], [338, 339], [338, 340], [343, 345], [351, 353], [354, 356]], "missing_branches": [[343, 344], [351, 352], [354, 355]]}, "AgentOrchestrator._validate_answer": {"executed_lines": [374, 375, 386, 387], "summary": {"covered_lines": 4, "num_statements": 4, "percent_covered": 100.0, "percent_covered_display": "100.0", "missing_lines": 0, "excluded_lines": 0, "percent_statements_covered": 100.0, "percent_statements_covered_display": "100.0", "num_branches": 0, "num_partial_branches": 0, "covered_branches": 0, "missing_branches": 0, "percent_branches_covered": 100.0, "percent_branches_covered_display": "100.0"}, "missing_lines": [], "excluded_lines": [], "start_line": 369, "executed_branches": [], "missing_branches": []}, "AgentOrchestrator._fallback": {"executed_lines": [398, 399, 400, 405, 410, 411, 425, 426, 427, 428, 442], "summary": {"covered_lines": 11, "num_statements": 11, "percent_covered": 100.0, "percent_covered_display": "100.0", "missing_lines": 0, "excluded_lines": 0, "percent_statements_covered": 100.0, "percent_statements_covered_display": "100.0", "num_branches": 0, "num_partial_branches": 0, "covered_branches": 0, "missing_branches": 0, "percent_branches_covered": 100.0, "percent_branches_covered_display": "100.0"}, "missing_lines": [], "excluded_lines": [], "start_line": 389, "executed_branches": [], "missing_branches": []}, "AgentOrchestrator._finalize": {"executed_lines": [446, 447], "summary": {"covered_lines": 2, "num_statements": 2, "percent_covered": 100.0, "percent_covered_display": "100.0", "missing_lines": 0, "
[...]
ered": 100.0, "percent_statements_covered_display": "100.0", "num_branches": 0, "num_partial_branches": 0, "covered_branches": 0, "missing_branches": 0, "percent_branches_covered": 100.0, "percent_branches_covered_display": "100.0"}, "missing_lines": [], "excluded_lines": [], "start_line": 1, "executed_branches": [], "missing_branches": []}}}, "backend\\app\\users\\sessions\\ports.py": {"executed_lines": [1, 4], "summary": {"covered_lines": 2, "num_statements": 2, "percent_covered": 100.0, "percent_covered_display": "100.0", "missing_lines": 0, "excluded_lines": 8, "percent_statements_covered": 100.0, "percent_statements_covered_display": "100.0", "num_branches": 0, "num_partial_branches": 0, "covered_branches": 0, "missing_branches": 0, "percent_branches_covered": 100.0, "percent_branches_covered_display": "100.0"}, "missing_lines": [], "excluded_lines": [5, 6, 7, 8, 9, 10, 11, 12], "executed_branches": [], "missing_branches": [], "functions": {"SessionsRepository.list_sessions": {"executed_lines": [], "summary": {"covered_lines": 0, "num_statements": 0, "percent_covered": 100.0, "percent_covered_display": "100.0", "missing_lines": 0, "excluded_lines": 1, "percent_statements_covered": 100.0, "percent_statements_covered_display": "100.0", "num_branches": 0, "num_partial_branches": 0, "covered_branches": 0, "missing_branches": 0, "percent_branches_covered": 100.0, "percent_branches_covered_display": "100.0"}, "missing_lines": [], "excluded_lines": [5], "start_line": 5, "executed_branches": [], "missing_branches": []}, "SessionsRepository.count_sessions": {"executed_lines": [], "summary": {"covered_lines": 0, "num_statements": 0, "percent_covered": 100.0, "percent_covered_display": "100.0", "missing_lines": 0, "excluded_lines": 1, "percent_statements_covered": 100.0, "percent_statements_covered_display": "100.0", "num_branches": 0, "num_partial_branches": 0, "covered_branches": 0, "missing_branches": 0, "percent_branches_covered": 100.0, "percent_branches_covered_display": "100.0"}, "missing_lines": [], "excluded_lines": [7], "start_line": 7, "executed_branches": [], "missing_branches": []}, "SessionsRepository.revoke_session": {"executed_lines": [], "summary": {"covered_lines": 0, "num_statements": 0, "percent_covered": 100.0, "percent_covered_display": "100.0", "missing_lines": 0, "excluded_lines": 1, "percent_statements_covered": 100.0, "percent_statements_covered_display": "100.0", "num_branches": 0, "num_partial_branches": 0, "covered_branches": 0, "missing_branches": 0, "percent_branches_covered": 100.0, "percent_branches_covered_display": "100.0"}, "missing_lines": [], "excluded_lines": [9], "start_line": 9, "executed_branches": [], "missing_branches": []}, "SessionsRepository.revoke_other_sessions": {"executed_lines": [], "summary": {"covered_lines": 0, "num_statements": 0, "percent_covered": 100.0, "percent_covered_display": "100.0", "missing_lines": 0, "excluded_lines": 1, "percent_statements_covered": 100.0, "percent_statements_covered_display": "100.0", "num_branches": 0, "num_partial_branches": 0, "covered_branches": 0, "missing_branches": 0, "percent_branches_covered": 100.0, "percent_branches_covered_display": "100.0"}, "missing_lines": [], "excluded_lines": [11], "start_line": 11, "executed_branches": [], "missing_branches": []}, "": {"executed_lines": [1, 4], "summary": {"covered_lines": 2, "num_statements": 2, "percent_covered": 100.0, "percent_covered_display": "100.0", "missing_lines": 0, "excluded_lines": 3, "percent_statements_covered": 100.0, "percent_statements_covered_display": "100.0", "num_branches": 0, "num_partial_branches": 0, "covered_branches": 0, "missing_branches": 0, "percent_branches_covered": 100.0, "percent_branches_covered_display": "100.0"}, "missing_lines": [], "excluded_lines": [6, 8, 10], "start_line": 1, "executed_branches": [], "missing_branches": []}}, "classes": {"SessionsRepository": {"executed_lines": [], "summary": {"covered_lines": 0, "num_statements": 0, "percent_covered": 100.0, "percent_covered_display": "100.0", "missing_lines": 0, "excluded_lines": 4, "percent_statements_covered": 100.0, "percent_statements_covered_display": "100.0", "num_branches": 0, "num_partial_branches": 0, "covered_branches": 0, "missing_branches": 0, "percent_branches_covered": 100.0, "percent_branches_covered_display": "100.0"}, "missing_lines": [], "excluded_lines": [5, 7, 9, 11], "start_line": 4, "executed_branches": [], "missing_branches": []}, "": {"executed_lines": [1, 4], "summary": {"covered_lines": 2, "num_statements": 2, "percent_covered": 100.0, "percent_covered_display": "100.0", "missing_lines": 0, "excluded_lines": 3, "percent_statements_covered": 100.0, "percent_statements_covered_display": "100.0", "num_branches": 0, "num_partial_branches": 0, "covered_branches": 0, "missing_branches": 0, "percent_branches_covered": 100.0, "percent_branches_covered_display": "100.0"}, "missing_lines": [], "excluded_lines": [6, 8, 10], "start_line": 1, "executed_branches": [], "missing_branches": []}}}, "backend\\app\\users\\sessions\\repositories\\__init__.py": {"executed_lines": [], "summary": {"covered_lines": 0, "num_statements": 0, "percent_covered": 100.0, "percent_covered_display": "100.0", "missing_lines": 0, "excluded_lines": 0, "percent_statements_covered": 100.0, "percent_statements_covered_display": "100.0", "num_branches": 0, "num_partial_branches": 0, "covered_branches": 0, "missing_branches": 0, "percent_branches_covered": 100.0, "percent_branches_covered_display": "100.0"}, "missing_lines": [], "excluded_lines": [], "executed_branches": [], "missing_branches": [], "functions": {"": {"executed_lines": [], "summary": {"covered_lines": 0, "num_statements": 0, "percent_covered": 100.0, "percent_covered_display": "100.0", "missing_lines": 0, "excluded_lines": 0, "percent_statements_covered": 100.0, "percent_statements_covered_display": "100.0", "num_branches": 0, "num_partial_branches": 0, "covered_branches": 0, "missing_branches": 0, "percent_branches_covered": 100.0, "percent_branches_covered_display": "100.0"}, "missing_lines": [], "excluded_lines": [], "start_line": 1, "executed_branches": [], "missing_branches": []}}, "classes": {"": {"executed_lines": [], "summary": {"covered_lines": 0, "num_statements": 0, "percent_covered": 100.0, "percent_covered_display": "100.0", "missing_lines": 0, "excluded_lines": 0, "percent_statements_covered": 100.0, "percent_statements_covered_display": "100.0", "num_branches": 0, "num_partial_branches": 0, "covered_branches": 0, "missing_branches": 0, "percent_branches_covered": 100.0, "percent_branches_covered_display": "100.0"}, "missing_lines": [], "excluded_lines": [], "start_line": 1, "executed_branches": [], "missing_branches": []}}}, "backend\\app\\users\\sessions\\repositories\\sqlite.py": {"executed_lines": [1, 2, 3, 4, 6, 9, 10, 11, 13, 14, 15, 16, 17, 18, 23, 25, 26, 27, 40, 41, 42, 43, 44, 46, 47, 48, 49, 50, 52, 54, 56, 57, 58, 62, 64, 65, 66, 74, 76, 77, 78, 79, 96], "summary": {"covered_lines": 43, "num_statements": 49, "percent_covered": 84.7457627118644, "percent_covered_display": "84.7", "missing_lines": 6, "excluded_lines": 0, "percent_statements_covered": 87.75510204081633, "percent_statements_covered_display": "87.8", "num_branches": 10, "num_partial_branches": 3, "covered_branches": 7, "missing_branches": 3, "percent_branches_covered": 70.0, "percent_branches_covered_display": "70.0"}, "missing_lines": [19, 20, 21, 51, 53, 88], "excluded_lines": [], "executed_branches": [[40, 41], [40, 44], [48, 49], [48, 50], [50, 52], [52, 54], [78, 79]], "missing_branches": [[50, 51], [52, 53], [78, 88]], "functions": {"SQLiteSessionsRepository.__init__": {"executed_lines": [11], "summary": {"covered_lines": 1, "num_statements": 1, "percent_covered": 100.0, "percent_covered_display": "100.0", "missing_lines": 0, "excluded_lines": 0, "percent_statements_covered": 100.0, "percent_statements_covered_display": "100.0", "num_branches": 0, "num_partial_branches": 0, "covered_branches": 0, "missing_branches": 0, "percent_branches_covered": 100.0, "percent_branches_covered_display": "100.0"}, "missing_lines": [], "excluded_lines": [], "start_line": 10, "executed_branches": [], "missing_branches": []}, "SQLiteSessionsRepository._connect": {"executed_lines": [15, 16, 17, 18, 23], "summary": {"covered_lines": 5, "num_statements": 8, "percent_covered": 62.5, "percent_covered_display": "62.5", "missing_lines": 3, "excluded_lines": 0, "percent_statements_covered": 62.5, "percent_statements_covered_display": "62.5", "num_branches": 0, "num_partial_branches": 0, "covered_branches": 0, "missing_branches": 0, "percent_branches_covered": 100.0, "percent_branches_covered_display": "100.0"}, "missing_lines": [19, 20, 21], "excluded_lines": [], "start_line": 14, "executed_branches": [], "missing_branches": []}, "SQLiteSessionsRepository.list_sessions": {"executed_lines": [26, 27, 40, 41, 42, 43, 44], "summary": {"covered_lines": 7, "num_statements": 7, "percent_covered": 100.0, "percent_covered_display": "100.0", "missing_lines": 0, "excluded_lines": 0, "percent_statements_covered": 100.0, "percent_statements_covered_display": "100.0", "num_branches": 2, "num_partial_branches": 0, "covered_branches": 2, "missing_branches": 0, "percent_branches_covered": 100.0, "percent_branches_covered_display": "100.0"}, "missing_lines": [], "excluded_lines": [], "start_line": 25, "executed_branches": [[40, 41], [40, 44]], "missing_branches": []}, "SQLiteSessionsRepository._risk_level": {"executed_lines": [48, 49, 50, 52, 54], "summary": {"covered_lines": 5, "num_statements": 7, "percent_covered": 69.23076923076923, "percent_covered_display": "69.2", "missing_lines": 2, "excluded_lines": 0, "percent_statements_covered": 71.42857142857143, "percent_statements_covered_display": "71.4", "num_branches": 6, "num_partial_branches": 2, "covered_branches": 4, "missing_branches": 2, "percent_branches_covered": 66.66666666666667, "percent_branches_covered_display": "66.7"}, "missing_lines": [51, 53], "excluded_lines": [], "start_line": 47, "executed_branches": [[48, 49], [48, 50], [50, 52], [52, 54]], "missing_branches": [[50, 51], [52, 53]]}, "SQLiteSessionsRepository.count_sessions": {"executed_lines": [57, 58, 62], "summary": {"covered_lines": 3, "num_statements": 3, "percent_covered": 100.0, "percent_covered_display": "100.0", "missing_lines": 0, "excluded_lines": 0, "percent_statements_covered": 100.0, "percent_statements_covered_display": "100.0", "num_branches": 0, "num_partial_branches": 0, "covered_branches": 0, "missing_branches": 0, "percent_branches_covered": 100.0, "percent_branches_covered_display": "100.0"}, "missing_lines": [], "excluded_lines": [], "start_line": 56, "executed_branches": [], "missing_branches": []}, "SQLiteSessionsRepository.revoke_session": {"executed_lines": [65, 66, 74], "summary": {"covered_lines": 3, "num_statements": 3, "percent_covered": 100.0, "percent_covered_display": "100.0", "missing_lines": 0, "excluded_lines": 0, "percent_statements_covered": 100.0, "percent_statements_covered_display": "100.0", "num_branches": 0, "num_partial_branches": 0, "covered_branches": 0, "missing_branches": 0, "percent_branches_covered": 100.0, "percent_branches_covered_display": "100.0"}, "missing_lines": [], "excluded_lines": [], "start_line": 64, "executed_branches": [], "missing_branches": []}, "SQLiteSessionsRepository.revoke_other_sessions": {"executed_lines": [77, 78, 79, 96], "summary": {"covered_lines": 4, "num_statements": 5, "percent_covered": 71.42857142857143, "percent_covered_display": "71.4", "missing_lines": 1, "excluded_lines": 0, "percent_statements_covered": 80.0, "percent_statements_covered_display": "80.0", "num_branches": 2, "num_partial_branches": 1, "covered_branches": 1, "missing_branches": 1, "percent_branches_covered": 50.0, "percent_branches_covered_display": "50.0"}, "missing_lines": [88], "excluded_lines": [], "start_line": 76, "executed_branches": [[78, 79]], "missing_branches": [[78, 88]]}, "": {"executed_lines": [1, 2, 3, 4, 6, 9, 10, 13, 14, 25, 46, 47, 56, 64, 76], "summary": {"covered_lines": 15, "num_statements": 15, "percent_covered": 100.0, "percent_covered_display": "100.0", "missing_lines": 0, "excluded_lines": 0, "percent_statements_covered": 100.0, "percent_statements_covered_display": "100.0", "num_branches": 0, "num_partial_branches": 0, "covered_branches": 0, "missing_branches": 0, "percent_branches_covered": 100.0, "percent_branches_covered_display": "100.0"}, "missing_lines": [], "excluded_lines": [], "start_line": 1, "executed_branches": [], "missing_branches": []}}, "classes": {"SQLiteSessionsRepository": {"executed_lines": [11, 15, 16, 17, 18, 23, 26, 27, 40, 41, 42, 43, 44, 48, 49, 50, 52, 54, 57, 58, 62, 65, 66, 74, 77, 78, 79, 96], "summary": {"covered_lines": 28, "num_statements": 34, "percent_covered": 79.54545454545455, "percent_covered_display": "79.5", "missing_lines": 6, "excluded_lines": 0, "percent_statements_covered": 82.3529411764706, "percent_statements_covered_display": "82.4", "num_branches": 10, "num_partial_branches": 3, "covered_branches": 7, "missing_branches": 3, "percent_branches_covered": 70.0, "percent_branches_covered_display": "70.0"}, "missing_lines": [19, 20, 21, 51, 53, 88], "excluded_lines": [], "start_line": 9, "executed_branches": [[40, 41], [40, 44], [48, 49], [48, 50], [50, 52], [52, 54], [78, 79]], "missing_branches": [[50, 51], [52, 53], [78, 88]]}, "": {"executed_lines": [1, 2, 3, 4, 6, 9, 10, 13, 14, 25, 46, 47, 56, 64, 76], "summary": {"covered_lines": 15, "num_statements": 15, "percent_covered": 100.0, "percent_covered_display": "100.0", "missing_lines": 0, "excluded_lines": 0, "percent_statements_covered": 100.0, "percent_statements_covered_display": "100.0", "num_branches": 0, "num_partial_branches": 0, "covered_branches": 0, "missing_branches": 0, "percent_branches_covered": 100.0, "percent_branches_covered_display": "100.0"}, "missing_lines": [], "excluded_lines": [], "start_line": 1, "executed_branches": [], "missing_branches": []}}}, "backend\\app\\users\\sessions\\service.py": {"executed_lines": [1, 3, 4, 5, 8, 9, 10, 12, 13, 14, 15, 16, 28, 29, 30, 31, 33, 34, 35, 38, 39], "summary": {"covered_lines": 21, "num_statements": 22, "percent_covered": 95.83333333333333, "percent_covered_display": "95.8", "missing_lines": 1, "excluded_lines": 0, "percent_statements_covered": 95.45454545454545, "percent_statements_covered_display": "95.5", "num_branches": 2, "num_partial_branches": 0, "covered_branches": 2, "missing_branches": 0, "percent_branches_covered": 100.0, "percent_branches_covered_display": "100.0"}, "missing_lines": [40], "excluded_lines": [], "executed_branches": [[29, 30], [29, 31]], "missing_branches": [], "functions": {"SessionsService.__init__": {"executed_lines": [10], "summary": {"covered_lines": 1, "num_statements": 1, "percent_covered": 100.0, "percent_covered_display": "100.0", "missing_lines": 0, "excluded_lines": 0, "percent_statements_covered": 100.0, "percent_statements_covered_display": "100.0", "num_branches": 0, "num_partial_branches": 0, "covered_branches": 0, "missing_branches": 0, "percent_branches_covered": 100.0, "percent_branches_covered_display": "100.0"}, "missing_lines": [], "excluded_lines": [], "start_line": 9, "executed_branches": [], "missing_branches": []}, "SessionsService.list_sessions": {"executed_lines": [13, 14, 15, 16], "summary": {"covered_lines": 4, "num_statements": 4, "percent_covered": 100.0, "percent_covered_display": "100.0", "missing_lines": 0, "excluded_lines": 0, "percent_statements_covered": 100.0, "percent_statements_covered_display": "100.0", "num_branches": 0, "num_partial_branches": 0, "covered_branches": 0, "missing_branches": 0, "percent_branches_covered": 100.0, "percent_branches_covered_display": "100.0"}, "missing_lines": [], "excluded_lines": [], "start_line": 12, "executed_branches": [], "missing_branches": []}, "SessionsService.revoke_session": {"executed_lines": [29, 30, 31], "summary": {"covered_lines": 3, "num_statements": 3, "percent_covered": 100.0, "percent_covered_display": "100.0", "missing_lines": 0, "excluded_lines": 0, "percent_statements_covered": 100.0, "percent_statements_covered_display": "100.0", "num_branches": 2, "num_partial_branches": 0, "covered_branches": 2, "missing_branches": 0, "percent_branches_covered": 100.0, "percent_branches_covered_display": "100.0"}, "missing_lines": [], "excluded_lines": [], "start_line": 28, "executed_branches": [[29, 30], [29, 31]], "missing_branches": []}, "SessionsService.revoke_other_sessions": {"executed_lines": [34, 35], "summary": {"covered_lines": 2, "num_statements": 2, "percent_covered": 100.0, "percent_covered_display": "100.0", "missing_lines": 0, "excluded_lines": 0, "percent_statements_covered": 100.0, "percent_statements_covered_display": "100.0", "num_branches": 0, "num_partial_branches": 0, "covered_branches": 0, "missing_branches": 0, "percent_branches_covered": 100.0, "percent_branches_covered_display": "100.0"}, "missing_lines": [], "excluded_lines": [], "start_line": 33, "executed_branches": [], "missing_branches": []}, "get_sessions_service": {"executed_lines": [], "summary": {"covered_lines": 0, "num_statements": 1, "percent_covered": 0.0, "percent_covered_display": "0.0", "missing_lines": 1, "excluded_lines": 0, "percent_statements_covered": 0.0, "percent_statements_covered_display": "0.0", "num_branches": 0, "num_partial_branches": 0, "covered_branches": 0, "missing_branches": 0, "percent_branches_covered": 100.0, "percent_branches_covered_display": "100.0"}, "missing_lines": [40], "excluded_lines": [], "start_line": 39, "executed_branches": [], "missing_branches": []}, "": {"executed_lines": [1, 3, 4, 5, 8, 9, 12, 28, 33, 38, 39], "summary": {"covered_lines": 11, "num_statements": 11, "percent_covered": 100.0, "percent_covered_display": "100.0", "missing_lines": 0, "excluded_lines": 0, "percent_statements_covered": 100.0, "percent_statements_covered_display": "100.0", "num_branches": 0, "num_partial_branches": 0, "covered_branches": 0, "missing_branches": 0, "percent_branches_covered": 100.0, "percent_branches_covered_display": "100.0"}, "missing_lines": [], "excluded_lines": [], "start_line": 1, "executed_branches": [], "missing_branches": []}}, "classes": {"SessionsService": {"executed_lines": [10, 13, 14, 15, 16, 29, 30, 31, 34, 35], "summary": {"covered_lines": 10, "num_statements": 10, "percent_covered": 100.0, "percent_covered_display": "100.0", "missing_lines": 0, "excluded_lines": 0, "percent_statements_covered": 100.0, "percent_statements_covered_display": "100.0", "num_branches": 2, "num_partial_branches": 0, "covered_branches": 2, "missing_branches": 0, "percent_branches_covered": 100.0, "percent_branches_covered_display": "100.0"}, "missing_lines": [], "excluded_lines": [], "start_line": 8, "executed_branches": [[29, 30], [29, 31]], "missing_branches": []}, "": {"executed_lines": [1, 3, 4, 5, 8, 9, 12, 28, 33, 38, 39], "summary": {"covered_lines": 11, "num_statements": 12, "percent_covered": 91.66666666666667, "percent_covered_display": "91.7", "missing_lines": 1, "excluded_lines": 0, "percent_statements_covered": 91.66666666666667, "percent_statements_covered_display": "91.7", "num_branches": 0, "num_partial_branches": 0, "covered_branches": 0, "missing_branches": 0, "percent_branches_covered": 100.0, "percent_branches_covered_display": "100.0"}, "missing_lines": [40], "excluded_lines": [], "start_line": 1, "executed_branches": [], "missing_branches": []}}}}, "totals": {"covered_lines": 5548, "num_statements": 6262, "percent_covered": 85.90390230953012, "percent_covered_display": "85.9", "missing_lines": 714, "excluded_lines": 207, "percent_statements_covered": 88.59789204726924, "percent_statements_covered_display": "88.6", "num_branches": 1272, "num_partial_branches": 298, "covered_branches": 924, "missing_branches": 348, "percent_branches_covered": 72.64150943396227, "percent_branches_covered_display": "72.6"}}